2023-03-10 06:27:54 startup packages remove
2023-03-10 06:27:54 status installed apt-utils:arm64 2.2.4
2023-03-10 06:27:54 remove apt-utils:arm64 2.2.4 <none>
2023-03-10 06:27:54 status half-configured apt-utils:arm64 2.2.4
2023-03-10 06:27:54 status half-installed apt-utils:arm64 2.2.4
2023-03-10 06:27:54 status triggers-pending man-db:arm64 2.9.4-2
2023-03-10 06:27:55 status config-files apt-utils:arm64 2.2.4
2023-03-10 06:27:55 status not-installed apt-utils:arm64 <none>
2023-03-10 06:27:55 status installed libnss-mdns:arm64 0.14.1-2
2023-03-10 06:27:55 remove libnss-mdns:arm64 0.14.1-2 <none>
2023-03-10 06:27:55 status triggers-pending libc-bin:arm64 2.31-13+rpt2+rpi1+deb11u5
2023-03-10 06:27:55 status half-configured libnss-mdns:arm64 0.14.1-2
2023-03-10 06:27:55 status half-installed libnss-mdns:arm64 0.14.1-2
2023-03-10 06:27:55 status config-files libnss-mdns:arm64 0.14.1-2
2023-03-10 06:27:55 status installed avahi-daemon:arm64 0.8-5+deb11u1
2023-03-10 06:27:55 remove avahi-daemon:arm64 0.8-5+deb11u1 <none>
2023-03-10 06:27:55 status half-configured avahi-daemon:arm64 0.8-5+deb11u1
2023-03-10 06:27:55 status half-installed avahi-daemon:arm64 0.8-5+deb11u1
2023-03-10 06:27:55 status triggers-pending dbus:arm64 1.12.24-0+deb11u1
2023-03-10 06:27:55 status config-files avahi-daemon:arm64 0.8-5+deb11u1
2023-03-10 06:27:55 status installed bind9-host:arm64 1:9.16.37-1~deb11u1
2023-03-10 06:27:55 remove bind9-host:arm64 1:9.16.37-1~deb11u1 <none>
2023-03-10 06:27:55 status half-configured bind9-host:arm64 1:9.16.37-1~deb11u1
2023-03-10 06:27:55 status half-installed bind9-host:arm64 1:9.16.37-1~deb11u1
2023-03-10 06:27:55 status config-files bind9-host:arm64 1:9.16.37-1~deb11u1
2023-03-10 06:27:55 status not-installed bind9-host:arm64 <none>
2023-03-10 06:27:55 status installed bind9-libs:arm64 1:9.16.37-1~deb11u1
2023-03-10 06:27:55 remove bind9-libs:arm64 1:9.16.37-1~deb11u1 <none>
2023-03-10 06:27:55 status half-configured bind9-libs:arm64 1:9.16.37-1~deb11u1
2023-03-10 06:27:55 status half-installed bind9-libs:arm64 1:9.16.37-1~deb11u1
2023-03-10 06:27:55 status config-files bind9-libs:arm64 1:9.16.37-1~deb11u1
2023-03-10 06:27:55 status not-installed bind9-libs:arm64 <none>
2023-03-10 06:27:55 status installed build-essential:arm64 12.9
2023-03-10 06:27:55 remove build-essential:arm64 12.9 <none>
2023-03-10 06:27:55 status half-configured build-essential:arm64 12.9
2023-03-10 06:27:55 status half-installed build-essential:arm64 12.9
2023-03-10 06:27:55 status config-files build-essential:arm64 12.9
2023-03-10 06:27:55 status not-installed build-essential:arm64 <none>
2023-03-10 06:27:55 status installed cifs-utils:arm64 2:6.11-3.1+deb11u1
2023-03-10 06:27:55 remove cifs-utils:arm64 2:6.11-3.1+deb11u1 <none>
2023-03-10 06:27:55 status half-configured cifs-utils:arm64 2:6.11-3.1+deb11u1
2023-03-10 06:27:55 status half-installed cifs-utils:arm64 2:6.11-3.1+deb11u1
2023-03-10 06:27:55 status config-files cifs-utils:arm64 2:6.11-3.1+deb11u1
2023-03-10 06:27:55 status installed g++:arm64 4:10.2.1-1
2023-03-10 06:27:55 remove g++:arm64 4:10.2.1-1 <none>
2023-03-10 06:27:55 status half-configured g++:arm64 4:10.2.1-1
2023-03-10 06:27:55 status half-installed g++:arm64 4:10.2.1-1
2023-03-10 06:27:55 status config-files g++:arm64 4:10.2.1-1
2023-03-10 06:27:55 status not-installed g++:arm64 <none>
2023-03-10 06:27:55 status installed gcc:arm64 4:10.2.1-1
2023-03-10 06:27:55 remove gcc:arm64 4:10.2.1-1 <none>
2023-03-10 06:27:55 status half-configured gcc:arm64 4:10.2.1-1
2023-03-10 06:27:55 status half-installed gcc:arm64 4:10.2.1-1
2023-03-10 06:27:55 status config-files gcc:arm64 4:10.2.1-1
2023-03-10 06:27:55 status not-installed gcc:arm64 <none>
2023-03-10 06:27:55 status installed cpp:arm64 4:10.2.1-1
2023-03-10 06:27:55 remove cpp:arm64 4:10.2.1-1 <none>
2023-03-10 06:27:55 status half-configured cpp:arm64 4:10.2.1-1
2023-03-10 06:27:55 status half-installed cpp:arm64 4:10.2.1-1
2023-03-10 06:27:55 status config-files cpp:arm64 4:10.2.1-1
2023-03-10 06:27:55 status not-installed cpp:arm64 <none>
2023-03-10 06:27:55 status installed g++-10:arm64 10.2.1-6
2023-03-10 06:27:55 remove g++-10:arm64 10.2.1-6 <none>
2023-03-10 06:27:55 status half-configured g++-10:arm64 10.2.1-6
2023-03-10 06:27:55 status half-installed g++-10:arm64 10.2.1-6
2023-03-10 06:27:55 status config-files g++-10:arm64 10.2.1-6
2023-03-10 06:27:55 status not-installed g++-10:arm64 <none>
2023-03-10 06:27:55 status installed gcc-10:arm64 10.2.1-6
2023-03-10 06:27:55 remove gcc-10:arm64 10.2.1-6 <none>
2023-03-10 06:27:55 status half-configured gcc-10:arm64 10.2.1-6
2023-03-10 06:27:55 status half-installed gcc-10:arm64 10.2.1-6
2023-03-10 06:27:55 status config-files gcc-10:arm64 10.2.1-6
2023-03-10 06:27:55 status not-installed gcc-10:arm64 <none>
2023-03-10 06:27:55 status installed cpp-10:arm64 10.2.1-6
2023-03-10 06:27:55 remove cpp-10:arm64 10.2.1-6 <none>
2023-03-10 06:27:55 status half-configured cpp-10:arm64 10.2.1-6
2023-03-10 06:27:55 status half-installed cpp-10:arm64 10.2.1-6
2023-03-10 06:27:56 status config-files cpp-10:arm64 10.2.1-6
2023-03-10 06:27:56 status not-installed cpp-10:arm64 <none>
2023-03-10 06:27:56 status installed debconf-i18n:all 1.5.77
2023-03-10 06:27:56 remove debconf-i18n:all 1.5.77 <none>
2023-03-10 06:27:56 status half-configured debconf-i18n:all 1.5.77
2023-03-10 06:27:56 status half-installed debconf-i18n:all 1.5.77
2023-03-10 06:27:56 status config-files debconf-i18n:all 1.5.77
2023-03-10 06:27:56 status not-installed debconf-i18n:all <none>
2023-03-10 06:27:56 status installed dmidecode:arm64 3.3-2
2023-03-10 06:27:56 remove dmidecode:arm64 3.3-2 <none>
2023-03-10 06:27:56 status half-configured dmidecode:arm64 3.3-2
2023-03-10 06:27:56 status half-installed dmidecode:arm64 3.3-2
2023-03-10 06:27:56 status config-files dmidecode:arm64 3.3-2
2023-03-10 06:27:56 status not-installed dmidecode:arm64 <none>
2023-03-10 06:27:56 status installed dosfstools:arm64 4.2-1
2023-03-10 06:27:56 remove dosfstools:arm64 4.2-1 <none>
2023-03-10 06:27:56 status half-configured dosfstools:arm64 4.2-1
2023-03-10 06:27:56 status half-installed dosfstools:arm64 4.2-1
2023-03-10 06:27:56 status config-files dosfstools:arm64 4.2-1
2023-03-10 06:27:56 status not-installed dosfstools:arm64 <none>
2023-03-10 06:27:56 status installed dpkg-dev:all 1.20.12
2023-03-10 06:27:56 remove dpkg-dev:all 1.20.12 <none>
2023-03-10 06:27:56 status half-configured dpkg-dev:all 1.20.12
2023-03-10 06:27:56 status half-installed dpkg-dev:all 1.20.12
2023-03-10 06:27:56 status config-files dpkg-dev:all 1.20.12
2023-03-10 06:27:56 status installed ed:arm64 1.17-1
2023-03-10 06:27:56 remove ed:arm64 1.17-1 <none>
2023-03-10 06:27:56 status half-configured ed:arm64 1.17-1
2023-03-10 06:27:56 status half-installed ed:arm64 1.17-1
2023-03-10 06:27:56 status config-files ed:arm64 1.17-1
2023-03-10 06:27:56 status not-installed ed:arm64 <none>
2023-03-10 06:27:56 status installed gdb:arm64 10.1-1.7
2023-03-10 06:27:56 remove gdb:arm64 10.1-1.7 <none>
2023-03-10 06:27:56 status half-configured gdb:arm64 10.1-1.7
2023-03-10 06:27:56 status half-installed gdb:arm64 10.1-1.7
2023-03-10 06:27:56 status config-files gdb:arm64 10.1-1.7
2023-03-10 06:27:56 remove man-db:arm64 2.9.4-2 <none>
2023-03-10 06:27:56 status half-configured man-db:arm64 2.9.4-2
2023-03-10 06:27:56 status half-installed man-db:arm64 2.9.4-2
2023-03-10 06:27:56 status triggers-pending mailcap:all 3.69
2023-03-10 06:27:56 status config-files man-db:arm64 2.9.4-2
2023-03-10 06:27:56 status installed groff-base:arm64 1.22.4-6
2023-03-10 06:27:56 remove groff-base:arm64 1.22.4-6 <none>
2023-03-10 06:27:56 status half-configured groff-base:arm64 1.22.4-6
2023-03-10 06:27:56 status half-installed groff-base:arm64 1.22.4-6
2023-03-10 06:27:56 status config-files groff-base:arm64 1.22.4-6
2023-03-10 06:27:56 status installed hardlink:arm64 0.3.2+b1
2023-03-10 06:27:56 remove hardlink:arm64 0.3.2+b1 <none>
2023-03-10 06:27:56 status half-configured hardlink:arm64 0.3.2+b1
2023-03-10 06:27:56 status half-installed hardlink:arm64 0.3.2+b1
2023-03-10 06:27:56 status config-files hardlink:arm64 0.3.2+b1
2023-03-10 06:27:56 status not-installed hardlink:arm64 <none>
2023-03-10 06:27:56 status installed less:arm64 551-2
2023-03-10 06:27:56 remove less:arm64 551-2 <none>
2023-03-10 06:27:56 status half-configured less:arm64 551-2
2023-03-10 06:27:56 status half-installed less:arm64 551-2
2023-03-10 06:27:56 status config-files less:arm64 551-2
2023-03-10 06:27:56 status not-installed less:arm64 <none>
2023-03-10 06:27:56 status installed libalgorithm-merge-perl:all 0.08-3
2023-03-10 06:27:56 remove libalgorithm-merge-perl:all 0.08-3 <none>
2023-03-10 06:27:56 status half-configured libalgorithm-merge-perl:all 0.08-3
2023-03-10 06:27:56 status half-installed libalgorithm-merge-perl:all 0.08-3
2023-03-10 06:27:56 status config-files libalgorithm-merge-perl:all 0.08-3
2023-03-10 06:27:56 status not-installed libalgorithm-merge-perl:all <none>
2023-03-10 06:27:56 status installed libalgorithm-diff-xs-perl:arm64 0.04-6+b1
2023-03-10 06:27:56 remove libalgorithm-diff-xs-perl:arm64 0.04-6+b1 <none>
2023-03-10 06:27:56 status half-configured libalgorithm-diff-xs-perl:arm64 0.04-6+b1
2023-03-10 06:27:56 status half-installed libalgorithm-diff-xs-perl:arm64 0.04-6+b1
2023-03-10 06:27:56 status config-files libalgorithm-diff-xs-perl:arm64 0.04-6+b1
2023-03-10 06:27:56 status not-installed libalgorithm-diff-xs-perl:arm64 <none>
2023-03-10 06:27:56 status installed libalgorithm-diff-perl:all 1.201-1
2023-03-10 06:27:56 remove libalgorithm-diff-perl:all 1.201-1 <none>
2023-03-10 06:27:56 status half-configured libalgorithm-diff-perl:all 1.201-1
2023-03-10 06:27:56 status half-installed libalgorithm-diff-perl:all 1.201-1
2023-03-10 06:27:56 status config-files libalgorithm-diff-perl:all 1.201-1
2023-03-10 06:27:56 status not-installed libalgorithm-diff-perl:all <none>
2023-03-10 06:27:56 status installed libsource-highlight4v5:arm64 3.1.9-3+b1
2023-03-10 06:27:56 remove libsource-highlight4v5:arm64 3.1.9-3+b1 <none>
2023-03-10 06:27:56 status half-configured libsource-highlight4v5:arm64 3.1.9-3+b1
2023-03-10 06:27:57 status half-installed libsource-highlight4v5:arm64 3.1.9-3+b1
2023-03-10 06:27:57 status config-files libsource-highlight4v5:arm64 3.1.9-3+b1
2023-03-10 06:27:57 status not-installed libsource-highlight4v5:arm64 <none>
2023-03-10 06:27:57 status installed libboost-regex1.74.0:arm64 1.74.0-9
2023-03-10 06:27:57 remove libboost-regex1.74.0:arm64 1.74.0-9 <none>
2023-03-10 06:27:57 status half-configured libboost-regex1.74.0:arm64 1.74.0-9
2023-03-10 06:27:57 status half-installed libboost-regex1.74.0:arm64 1.74.0-9
2023-03-10 06:27:57 status config-files libboost-regex1.74.0:arm64 1.74.0-9
2023-03-10 06:27:57 status not-installed libboost-regex1.74.0:arm64 <none>
2023-03-10 06:27:57 status installed pkg-config:arm64 0.29.2-1
2023-03-10 06:27:57 remove pkg-config:arm64 0.29.2-1 <none>
2023-03-10 06:27:57 status half-configured pkg-config:arm64 0.29.2-1
2023-03-10 06:27:57 status half-installed pkg-config:arm64 0.29.2-1
2023-03-10 06:27:57 status config-files pkg-config:arm64 0.29.2-1
2023-03-10 06:27:57 status installed libdpkg-perl:all 1.20.12
2023-03-10 06:27:57 remove libdpkg-perl:all 1.20.12 <none>
2023-03-10 06:27:57 status half-configured libdpkg-perl:all 1.20.12
2023-03-10 06:27:57 status half-installed libdpkg-perl:all 1.20.12
2023-03-10 06:27:57 status config-files libdpkg-perl:all 1.20.12
2023-03-10 06:27:57 status not-installed libdpkg-perl:all <none>
2023-03-10 06:27:57 status installed libfile-fcntllock-perl:arm64 0.22-3+b7
2023-03-10 06:27:57 remove libfile-fcntllock-perl:arm64 0.22-3+b7 <none>
2023-03-10 06:27:57 status half-configured libfile-fcntllock-perl:arm64 0.22-3+b7
2023-03-10 06:27:57 status half-installed libfile-fcntllock-perl:arm64 0.22-3+b7
2023-03-10 06:27:57 status config-files libfile-fcntllock-perl:arm64 0.22-3+b7
2023-03-10 06:27:57 status not-installed libfile-fcntllock-perl:arm64 <none>
2023-03-10 06:27:57 status installed libfreetype6-dev:arm64 2.10.4+dfsg-1+deb11u1
2023-03-10 06:27:57 remove libfreetype6-dev:arm64 2.10.4+dfsg-1+deb11u1 <none>
2023-03-10 06:27:57 status half-configured libfreetype6-dev:arm64 2.10.4+dfsg-1+deb11u1
2023-03-10 06:27:57 status half-installed libfreetype6-dev:arm64 2.10.4+dfsg-1+deb11u1
2023-03-10 06:27:57 status config-files libfreetype6-dev:arm64 2.10.4+dfsg-1+deb11u1
2023-03-10 06:27:57 status installed libfreetype-dev:arm64 2.10.4+dfsg-1+deb11u1
2023-03-10 06:27:57 remove libfreetype-dev:arm64 2.10.4+dfsg-1+deb11u1 <none>
2023-03-10 06:27:57 status half-configured libfreetype-dev:arm64 2.10.4+dfsg-1+deb11u1
2023-03-10 06:27:57 status half-installed libfreetype-dev:arm64 2.10.4+dfsg-1+deb11u1
2023-03-10 06:27:57 status config-files libfreetype-dev:arm64 2.10.4+dfsg-1+deb11u1
2023-03-10 06:27:57 status not-installed libfreetype-dev:arm64 <none>
2023-03-10 06:27:57 status installed libwbclient0:arm64 2:4.13.13+dfsg-1~deb11u5
2023-03-10 06:27:57 remove libwbclient0:arm64 2:4.13.13+dfsg-1~deb11u5 <none>
2023-03-10 06:27:57 status half-configured libwbclient0:arm64 2:4.13.13+dfsg-1~deb11u5
2023-03-10 06:27:57 status half-installed libwbclient0:arm64 2:4.13.13+dfsg-1~deb11u5
2023-03-10 06:27:57 status config-files libwbclient0:arm64 2:4.13.13+dfsg-1~deb11u5
2023-03-10 06:27:57 status not-installed libwbclient0:arm64 <none>
2023-03-10 06:27:57 status installed libxml2:arm64 2.9.10+dfsg-6.7+deb11u3
2023-03-10 06:27:57 remove libxml2:arm64 2.9.10+dfsg-6.7+deb11u3 <none>
2023-03-10 06:27:57 status half-configured libxml2:arm64 2.9.10+dfsg-6.7+deb11u3
2023-03-10 06:27:57 status half-installed libxml2:arm64 2.9.10+dfsg-6.7+deb11u3
2023-03-10 06:27:57 status config-files libxml2:arm64 2.9.10+dfsg-6.7+deb11u3
2023-03-10 06:27:57 status not-installed libxml2:arm64 <none>
2023-03-10 06:27:57 status installed libicu67:arm64 67.1-7
2023-03-10 06:27:57 remove libicu67:arm64 67.1-7 <none>
2023-03-10 06:27:57 status half-configured libicu67:arm64 67.1-7
2023-03-10 06:27:57 status half-installed libicu67:arm64 67.1-7
2023-03-10 06:27:57 status config-files libicu67:arm64 67.1-7
2023-03-10 06:27:57 status not-installed libicu67:arm64 <none>
2023-03-10 06:27:57 status installed libpng-dev:arm64 1.6.37-3
2023-03-10 06:27:57 remove libpng-dev:arm64 1.6.37-3 <none>
2023-03-10 06:27:57 status half-configured libpng-dev:arm64 1.6.37-3
2023-03-10 06:27:57 status half-installed libpng-dev:arm64 1.6.37-3
2023-03-10 06:27:57 status config-files libpng-dev:arm64 1.6.37-3
2023-03-10 06:27:57 status not-installed libpng-dev:arm64 <none>
2023-03-10 06:27:57 status installed libraspberrypi-doc:all 1:2+git20220616~133208+6e8f786-1
2023-03-10 06:27:57 remove libraspberrypi-doc:all 1:2+git20220616~133208+6e8f786-1 <none>
2023-03-10 06:27:57 status half-configured libraspberrypi-doc:all 1:2+git20220616~133208+6e8f786-1
2023-03-10 06:27:57 status half-installed libraspberrypi-doc:all 1:2+git20220616~133208+6e8f786-1
2023-03-10 06:27:57 status config-files libraspberrypi-doc:all 1:2+git20220616~133208+6e8f786-1
2023-03-10 06:27:57 status not-installed libraspberrypi-doc:all <none>
2023-03-10 06:27:57 status installed libraspberrypi-dev:arm64 1:2+git20220616~133208+6e8f786-1
2023-03-10 06:27:57 remove libraspberrypi-dev:arm64 1:2+git20220616~133208+6e8f786-1 <none>
2023-03-10 06:27:57 status half-configured libraspberrypi-dev:arm64 1:2+git20220616~133208+6e8f786-1
2023-03-10 06:27:57 status half-installed libraspberrypi-dev:arm64 1:2+git20220616~133208+6e8f786-1
2023-03-10 06:27:57 status config-files libraspberrypi-dev:arm64 1:2+git20220616~133208+6e8f786-1
2023-03-10 06:27:57 status not-installed libraspberrypi-dev:arm64 <none>
2023-03-10 06:27:57 status installed libtext-wrapi18n-perl:all 0.06-9
2023-03-10 06:27:57 remove libtext-wrapi18n-perl:all 0.06-9 <none>
2023-03-10 06:27:57 status half-configured libtext-wrapi18n-perl:all 0.06-9
2023-03-10 06:27:57 status half-installed libtext-wrapi18n-perl:all 0.06-9
2023-03-10 06:27:57 status config-files libtext-wrapi18n-perl:all 0.06-9
2023-03-10 06:27:58 status not-installed libtext-wrapi18n-perl:all <none>
2023-03-10 06:27:58 status installed libtext-charwidth-perl:arm64 0.04-10+b1
2023-03-10 06:27:58 remove libtext-charwidth-perl:arm64 0.04-10+b1 <none>
2023-03-10 06:27:58 status half-configured libtext-charwidth-perl:arm64 0.04-10+b1
2023-03-10 06:27:58 status half-installed libtext-charwidth-perl:arm64 0.04-10+b1
2023-03-10 06:27:58 status config-files libtext-charwidth-perl:arm64 0.04-10+b1
2023-03-10 06:27:58 status not-installed libtext-charwidth-perl:arm64 <none>
2023-03-10 06:27:58 status installed libtext-iconv-perl:arm64 1.7-7+b1
2023-03-10 06:27:58 remove libtext-iconv-perl:arm64 1.7-7+b1 <none>
2023-03-10 06:27:58 status half-configured libtext-iconv-perl:arm64 1.7-7+b1
2023-03-10 06:27:58 status half-installed libtext-iconv-perl:arm64 1.7-7+b1
2023-03-10 06:27:58 status config-files libtext-iconv-perl:arm64 1.7-7+b1
2023-03-10 06:27:58 status not-installed libtext-iconv-perl:arm64 <none>
2023-03-10 06:27:58 status installed luajit:arm64 2.1.0~beta3+dfsg-5.3
2023-03-10 06:27:58 remove luajit:arm64 2.1.0~beta3+dfsg-5.3 <none>
2023-03-10 06:27:58 status half-configured luajit:arm64 2.1.0~beta3+dfsg-5.3
2023-03-10 06:27:58 status half-installed luajit:arm64 2.1.0~beta3+dfsg-5.3
2023-03-10 06:27:58 status config-files luajit:arm64 2.1.0~beta3+dfsg-5.3
2023-03-10 06:27:58 status not-installed luajit:arm64 <none>
2023-03-10 06:27:58 status installed manpages-dev:all 5.10-1
2023-03-10 06:27:58 remove manpages-dev:all 5.10-1 <none>
2023-03-10 06:27:58 status half-configured manpages-dev:all 5.10-1
2023-03-10 06:27:58 status half-installed manpages-dev:all 5.10-1
2023-03-10 06:27:58 status config-files manpages-dev:all 5.10-1
2023-03-10 06:27:58 status not-installed manpages-dev:all <none>
2023-03-10 06:27:58 status installed manpages:all 5.10-1
2023-03-10 06:27:58 remove manpages:all 5.10-1 <none>
2023-03-10 06:27:58 status half-configured manpages:all 5.10-1
2023-03-10 06:27:58 status half-installed manpages:all 5.10-1
2023-03-10 06:27:58 status config-files manpages:all 5.10-1
2023-03-10 06:27:58 status not-installed manpages:all <none>
2023-03-10 06:27:58 status installed mkvtoolnix:arm64 54.0.0+really52.0.0-3
2023-03-10 06:27:58 remove mkvtoolnix:arm64 54.0.0+really52.0.0-3 <none>
2023-03-10 06:27:58 status half-configured mkvtoolnix:arm64 54.0.0+really52.0.0-3
2023-03-10 06:27:58 status half-installed mkvtoolnix:arm64 54.0.0+really52.0.0-3
2023-03-10 06:27:58 status config-files mkvtoolnix:arm64 54.0.0+really52.0.0-3
2023-03-10 06:27:58 status not-installed mkvtoolnix:arm64 <none>
2023-03-10 06:27:58 status installed ncdu:arm64 1.15.1-1
2023-03-10 06:27:58 remove ncdu:arm64 1.15.1-1 <none>
2023-03-10 06:27:58 status half-configured ncdu:arm64 1.15.1-1
2023-03-10 06:27:58 status half-installed ncdu:arm64 1.15.1-1
2023-03-10 06:27:58 status config-files ncdu:arm64 1.15.1-1
2023-03-10 06:27:58 status not-installed ncdu:arm64 <none>
2023-03-10 06:27:58 status installed tasksel:all 3.68+deb11u1
2023-03-10 06:27:58 status installed tasksel-data:all 3.68+deb11u1
2023-03-10 06:27:58 status installed userconf-pi:all 0.5
2023-03-10 06:27:58 remove userconf-pi:all 0.5 <none>
2023-03-10 06:27:58 status half-configured userconf-pi:all 0.5
2023-03-10 06:27:58 status half-installed userconf-pi:all 0.5
2023-03-10 06:27:58 status config-files userconf-pi:all 0.5
2023-03-10 06:27:58 status installed v4l-utils:arm64 1.20.0-2
2023-03-10 06:27:58 remove v4l-utils:arm64 1.20.0-2 <none>
2023-03-10 06:27:58 status half-configured v4l-utils:arm64 1.20.0-2
2023-03-10 06:27:58 status half-installed v4l-utils:arm64 1.20.0-2
2023-03-10 06:27:58 status config-files v4l-utils:arm64 1.20.0-2
2023-03-10 06:27:58 status not-installed v4l-utils:arm64 <none>
2023-03-10 06:27:58 status installed vim-tiny:arm64 2:8.2.2434-3+deb11u1
2023-03-10 06:27:58 remove vim-tiny:arm64 2:8.2.2434-3+deb11u1 <none>
2023-03-10 06:27:58 status half-configured vim-tiny:arm64 2:8.2.2434-3+deb11u1
2023-03-10 06:27:58 status half-installed vim-tiny:arm64 2:8.2.2434-3+deb11u1
2023-03-10 06:27:58 status config-files vim-tiny:arm64 2:8.2.2434-3+deb11u1
2023-03-10 06:27:58 status installed vim-common:all 2:8.2.2434-3+deb11u1
2023-03-10 06:27:58 remove vim-common:all 2:8.2.2434-3+deb11u1 <none>
2023-03-10 06:27:58 status half-configured vim-common:all 2:8.2.2434-3+deb11u1
2023-03-10 06:27:58 status half-installed vim-common:all 2:8.2.2434-3+deb11u1
2023-03-10 06:27:59 status config-files vim-common:all 2:8.2.2434-3+deb11u1
2023-03-10 06:27:59 status installed zlib1g-dev:arm64 1:1.2.11.dfsg-2+deb11u2
2023-03-10 06:27:59 remove zlib1g-dev:arm64 1:1.2.11.dfsg-2+deb11u2 <none>
2023-03-10 06:27:59 status half-configured zlib1g-dev:arm64 1:1.2.11.dfsg-2+deb11u2
2023-03-10 06:27:59 status half-installed zlib1g-dev:arm64 1:1.2.11.dfsg-2+deb11u2
2023-03-10 06:27:59 status config-files zlib1g-dev:arm64 1:1.2.11.dfsg-2+deb11u2
2023-03-10 06:27:59 status not-installed zlib1g-dev:arm64 <none>
2023-03-10 06:27:59 remove tasksel-data:all 3.68+deb11u1 <none>
2023-03-10 06:27:59 status half-configured tasksel-data:all 3.68+deb11u1
2023-03-10 06:27:59 status half-installed tasksel-data:all 3.68+deb11u1
2023-03-10 06:27:59 status config-files tasksel-data:all 3.68+deb11u1
2023-03-10 06:27:59 status not-installed tasksel-data:all <none>
2023-03-10 06:27:59 remove tasksel:all 3.68+deb11u1 <none>
2023-03-10 06:27:59 status half-configured tasksel:all 3.68+deb11u1
2023-03-10 06:27:59 status half-installed tasksel:all 3.68+deb11u1
2023-03-10 06:27:59 status config-files tasksel:all 3.68+deb11u1
2023-03-10 06:27:59 startup packages configure
2023-03-10 06:27:59 trigproc dbus:arm64 1.12.24-0+deb11u1 <none>
2023-03-10 06:27:59 status half-configured dbus:arm64 1.12.24-0+deb11u1
2023-03-10 06:27:59 status installed dbus:arm64 1.12.24-0+deb11u1
2023-03-10 06:27:59 trigproc mailcap:all 3.69 <none>
2023-03-10 06:27:59 status half-configured mailcap:all 3.69
2023-03-10 06:27:59 status installed mailcap:all 3.69
2023-03-10 06:27:59 trigproc libc-bin:arm64 2.31-13+rpt2+rpi1+deb11u5 <none>
2023-03-10 06:27:59 status half-configured libc-bin:arm64 2.31-13+rpt2+rpi1+deb11u5
2023-03-10 06:28:00 status installed libc-bin:arm64 2.31-13+rpt2+rpi1+deb11u5
2023-03-10 06:28:01 startup packages purge
2023-03-10 06:28:01 purge cifs-utils:arm64 2:6.11-3.1+deb11u1 <none>
2023-03-10 06:28:01 status config-files cifs-utils:arm64 2:6.11-3.1+deb11u1
2023-03-10 06:28:01 status not-installed cifs-utils:arm64 <none>
2023-03-10 06:28:01 purge tasksel:all 3.68+deb11u1 <none>
2023-03-10 06:28:01 status config-files tasksel:all 3.68+deb11u1
2023-03-10 06:28:01 status not-installed tasksel:all <none>
2023-03-10 06:28:01 purge vim-tiny:arm64 2:8.2.2434-3+deb11u1 <none>
2023-03-10 06:28:01 status config-files vim-tiny:arm64 2:8.2.2434-3+deb11u1
2023-03-10 06:28:01 status not-installed vim-tiny:arm64 <none>
2023-03-10 06:28:01 purge userconf-pi:all 0.5 <none>
2023-03-10 06:28:01 status config-files userconf-pi:all 0.5
2023-03-10 06:28:01 status not-installed userconf-pi:all <none>
2023-03-10 06:28:01 purge man-db:arm64 2.9.4-2 <none>
2023-03-10 06:28:01 status config-files man-db:arm64 2.9.4-2
2023-03-10 06:28:01 status not-installed man-db:arm64 <none>
2023-03-10 06:28:01 purge dpkg-dev:all 1.20.12 <none>
2023-03-10 06:28:01 status config-files dpkg-dev:all 1.20.12
2023-03-10 06:28:01 status not-installed dpkg-dev:all <none>
2023-03-10 06:28:01 purge libfreetype6-dev:arm64 2.10.4+dfsg-1+deb11u1 <none>
2023-03-10 06:28:01 status config-files libfreetype6-dev:arm64 2.10.4+dfsg-1+deb11u1
2023-03-10 06:28:02 status not-installed libfreetype6-dev:arm64 <none>
2023-03-10 06:28:02 purge gdb:arm64 10.1-1.7 <none>
2023-03-10 06:28:02 status config-files gdb:arm64 10.1-1.7
2023-03-10 06:28:02 status not-installed gdb:arm64 <none>
2023-03-10 06:28:02 purge vim-common:all 2:8.2.2434-3+deb11u1 <none>
2023-03-10 06:28:02 status config-files vim-common:all 2:8.2.2434-3+deb11u1
2023-03-10 06:28:02 status not-installed vim-common:all <none>
2023-03-10 06:28:02 purge pkg-config:arm64 0.29.2-1 <none>
2023-03-10 06:28:02 status config-files pkg-config:arm64 0.29.2-1
2023-03-10 06:28:02 status not-installed pkg-config:arm64 <none>
2023-03-10 06:28:02 purge avahi-daemon:arm64 0.8-5+deb11u1 <none>
2023-03-10 06:28:02 status config-files avahi-daemon:arm64 0.8-5+deb11u1
2023-03-10 06:28:02 status triggers-pending dbus:arm64 1.12.24-0+deb11u1
2023-03-10 06:28:02 status not-installed avahi-daemon:arm64 <none>
2023-03-10 06:28:02 purge groff-base:arm64 1.22.4-6 <none>
2023-03-10 06:28:02 status config-files groff-base:arm64 1.22.4-6
2023-03-10 06:28:02 status not-installed groff-base:arm64 <none>
2023-03-10 06:28:02 purge libnss-mdns:arm64 0.14.1-2 <none>
2023-03-10 06:28:02 status config-files libnss-mdns:arm64 0.14.1-2
2023-03-10 06:28:02 status not-installed libnss-mdns:arm64 <none>
2023-03-10 06:28:02 startup packages configure
2023-03-10 06:28:02 trigproc dbus:arm64 1.12.24-0+deb11u1 <none>
2023-03-10 06:28:02 status half-configured dbus:arm64 1.12.24-0+deb11u1
2023-03-10 06:28:02 status installed dbus:arm64 1.12.24-0+deb11u1
2023-03-10 06:28:54 startup archives unpack
2023-03-10 06:28:54 upgrade curl:arm64 7.74.0-1.3+deb11u5 7.74.0-1.3+deb11u7
2023-03-10 06:28:54 status half-configured curl:arm64 7.74.0-1.3+deb11u5
2023-03-10 06:28:54 status unpacked curl:arm64 7.74.0-1.3+deb11u5
2023-03-10 06:28:54 status half-installed curl:arm64 7.74.0-1.3+deb11u5
2023-03-10 06:28:54 status unpacked curl:arm64 7.74.0-1.3+deb11u7
2023-03-10 06:28:54 upgrade libcurl4:arm64 7.74.0-1.3+deb11u5 7.74.0-1.3+deb11u7
2023-03-10 06:28:54 status triggers-pending libc-bin:arm64 2.31-13+rpt2+rpi1+deb11u5
2023-03-10 06:28:54 status half-configured libcurl4:arm64 7.74.0-1.3+deb11u5
2023-03-10 06:28:54 status unpacked libcurl4:arm64 7.74.0-1.3+deb11u5
2023-03-10 06:28:54 status half-installed libcurl4:arm64 7.74.0-1.3+deb11u5
2023-03-10 06:28:54 status unpacked libcurl4:arm64 7.74.0-1.3+deb11u7
2023-03-10 06:28:54 upgrade raspberrypi-kernel:arm64 1:1.20230106-1 1:1.20230306-1
2023-03-10 06:28:54 status half-configured raspberrypi-kernel:arm64 1:1.20230106-1
2023-03-10 06:28:54 status unpacked raspberrypi-kernel:arm64 1:1.20230106-1
2023-03-10 06:28:54 status half-installed raspberrypi-kernel:arm64 1:1.20230106-1
2023-03-10 06:29:01 status unpacked raspberrypi-kernel:arm64 1:1.20230306-1
2023-03-10 06:29:01 upgrade libcamera0:arm64 0~git20230124+9b860a66-1 0~git20230302+923f5d70-1
2023-03-10 06:29:01 status half-configured libcamera0:arm64 0~git20230124+9b860a66-1
2023-03-10 06:29:01 status unpacked libcamera0:arm64 0~git20230124+9b860a66-1
2023-03-10 06:29:01 status half-installed libcamera0:arm64 0~git20230124+9b860a66-1
2023-03-10 06:29:01 status unpacked libcamera0:arm64 0~git20230302+923f5d70-1
2023-03-10 06:29:01 upgrade libtiff5:arm64 4.2.0-1+deb11u3 4.2.0-1+deb11u4
2023-03-10 06:29:01 status half-configured libtiff5:arm64 4.2.0-1+deb11u3
2023-03-10 06:29:01 status unpacked libtiff5:arm64 4.2.0-1+deb11u3
2023-03-10 06:29:01 status half-installed libtiff5:arm64 4.2.0-1+deb11u3
2023-03-10 06:29:01 status unpacked libtiff5:arm64 4.2.0-1+deb11u4
2023-03-10 06:29:01 upgrade libcamera-apps-lite:arm64 0~git20230125+9f08463-1 0~git20230301+54a781d-1
2023-03-10 06:29:01 status half-configured libcamera-apps-lite:arm64 0~git20230125+9f08463-1
2023-03-10 06:29:01 status unpacked libcamera-apps-lite:arm64 0~git20230125+9f08463-1
2023-03-10 06:29:01 status half-installed libcamera-apps-lite:arm64 0~git20230125+9f08463-1
2023-03-10 06:29:01 status unpacked libcamera-apps-lite:arm64 0~git20230301+54a781d-1
2023-03-10 06:29:02 upgrade libcurl3-gnutls:arm64 7.74.0-1.3+deb11u5 7.74.0-1.3+deb11u7
2023-03-10 06:29:02 status half-configured libcurl3-gnutls:arm64 7.74.0-1.3+deb11u5
2023-03-10 06:29:02 status unpacked libcurl3-gnutls:arm64 7.74.0-1.3+deb11u5
2023-03-10 06:29:02 status half-installed libcurl3-gnutls:arm64 7.74.0-1.3+deb11u5
2023-03-10 06:29:02 status unpacked libcurl3-gnutls:arm64 7.74.0-1.3+deb11u7
2023-03-10 06:29:02 upgrade linux-libc-dev:arm64 1:1.20230106-1 1:1.20230306-1
2023-03-10 06:29:02 status half-configured linux-libc-dev:arm64 1:1.20230106-1
2023-03-10 06:29:02 status unpacked linux-libc-dev:arm64 1:1.20230106-1
2023-03-10 06:29:02 status half-installed linux-libc-dev:arm64 1:1.20230106-1
2023-03-10 06:29:02 status unpacked linux-libc-dev:arm64 1:1.20230306-1
2023-03-10 06:29:02 upgrade python3-libcamera:arm64 0~git20230124+9b860a66-1 0~git20230302+923f5d70-1
2023-03-10 06:29:02 status half-configured python3-libcamera:arm64 0~git20230124+9b860a66-1
2023-03-10 06:29:02 status unpacked python3-libcamera:arm64 0~git20230124+9b860a66-1
2023-03-10 06:29:02 status half-installed python3-libcamera:arm64 0~git20230124+9b860a66-1
2023-03-10 06:29:02 status unpacked python3-libcamera:arm64 0~git20230302+923f5d70-1
2023-03-10 06:29:02 upgrade python3-v4l2:all 0.3.1-1 0.3.2-1
2023-03-10 06:29:02 status half-configured python3-v4l2:all 0.3.1-1
2023-03-10 06:29:03 status unpacked python3-v4l2:all 0.3.1-1
2023-03-10 06:29:03 status half-installed python3-v4l2:all 0.3.1-1
2023-03-10 06:29:03 status unpacked python3-v4l2:all 0.3.2-1
2023-03-10 06:29:03 upgrade python3-picamera2:all 0.3.8-1 0.3.9-1
2023-03-10 06:29:03 status half-configured python3-picamera2:all 0.3.8-1
2023-03-10 06:29:03 status unpacked python3-picamera2:all 0.3.8-1
2023-03-10 06:29:03 status half-installed python3-picamera2:all 0.3.8-1
2023-03-10 06:29:03 status unpacked python3-picamera2:all 0.3.9-1
2023-03-10 06:29:03 upgrade raspberrypi-bootloader:arm64 1:1.20230106-1 1:1.20230306-1
2023-03-10 06:29:03 status half-configured raspberrypi-bootloader:arm64 1:1.20230106-1
2023-03-10 06:29:03 status unpacked raspberrypi-bootloader:arm64 1:1.20230106-1
2023-03-10 06:29:03 status half-installed raspberrypi-bootloader:arm64 1:1.20230106-1
2023-03-10 06:29:04 status unpacked raspberrypi-bootloader:arm64 1:1.20230306-1
2023-03-10 06:29:04 startup packages configure
2023-03-10 06:29:04 configure linux-libc-dev:arm64 1:1.20230306-1 <none>
2023-03-10 06:29:04 status unpacked linux-libc-dev:arm64 1:1.20230306-1
2023-03-10 06:29:04 status half-configured linux-libc-dev:arm64 1:1.20230306-1
2023-03-10 06:29:04 status installed linux-libc-dev:arm64 1:1.20230306-1
2023-03-10 06:29:04 configure libcurl3-gnutls:arm64 7.74.0-1.3+deb11u7 <none>
2023-03-10 06:29:04 status unpacked libcurl3-gnutls:arm64 7.74.0-1.3+deb11u7
2023-03-10 06:29:04 status half-configured libcurl3-gnutls:arm64 7.74.0-1.3+deb11u7
2023-03-10 06:29:04 status installed libcurl3-gnutls:arm64 7.74.0-1.3+deb11u7
2023-03-10 06:29:04 configure raspberrypi-kernel:arm64 1:1.20230306-1 <none>
2023-03-10 06:29:04 status unpacked raspberrypi-kernel:arm64 1:1.20230306-1
2023-03-10 06:29:04 status half-configured raspberrypi-kernel:arm64 1:1.20230306-1
2023-03-10 06:29:11 status installed raspberrypi-kernel:arm64 1:1.20230306-1
2023-03-10 06:29:11 configure python3-v4l2:all 0.3.2-1 <none>
2023-03-10 06:29:11 status unpacked python3-v4l2:all 0.3.2-1
2023-03-10 06:29:11 status half-configured python3-v4l2:all 0.3.2-1
2023-03-10 06:29:12 status installed python3-v4l2:all 0.3.2-1
2023-03-10 06:29:12 configure raspberrypi-bootloader:arm64 1:1.20230306-1 <none>
2023-03-10 06:29:12 status unpacked raspberrypi-bootloader:arm64 1:1.20230306-1
2023-03-10 06:29:12 status half-configured raspberrypi-bootloader:arm64 1:1.20230306-1
2023-03-10 06:29:13 status installed raspberrypi-bootloader:arm64 1:1.20230306-1
2023-03-10 06:29:13 configure libcurl4:arm64 7.74.0-1.3+deb11u7 <none>
2023-03-10 06:29:13 status unpacked libcurl4:arm64 7.74.0-1.3+deb11u7
2023-03-10 06:29:13 status half-configured libcurl4:arm64 7.74.0-1.3+deb11u7
2023-03-10 06:29:13 status installed libcurl4:arm64 7.74.0-1.3+deb11u7
2023-03-10 06:29:13 configure libtiff5:arm64 4.2.0-1+deb11u4 <none>
2023-03-10 06:29:13 status unpacked libtiff5:arm64 4.2.0-1+deb11u4
2023-03-10 06:29:13 status half-configured libtiff5:arm64 4.2.0-1+deb11u4
2023-03-10 06:29:13 status installed libtiff5:arm64 4.2.0-1+deb11u4
2023-03-10 06:29:13 configure curl:arm64 7.74.0-1.3+deb11u7 <none>
2023-03-10 06:29:13 status unpacked curl:arm64 7.74.0-1.3+deb11u7
2023-03-10 06:29:13 status half-configured curl:arm64 7.74.0-1.3+deb11u7
2023-03-10 06:29:13 status installed curl:arm64 7.74.0-1.3+deb11u7
2023-03-10 06:29:13 configure libcamera0:arm64 0~git20230302+923f5d70-1 <none>
2023-03-10 06:29:13 status unpacked libcamera0:arm64 0~git20230302+923f5d70-1
2023-03-10 06:29:13 status half-configured libcamera0:arm64 0~git20230302+923f5d70-1
2023-03-10 06:29:13 status installed libcamera0:arm64 0~git20230302+923f5d70-1
2023-03-10 06:29:13 configure python3-libcamera:arm64 0~git20230302+923f5d70-1 <none>
2023-03-10 06:29:13 status unpacked python3-libcamera:arm64 0~git20230302+923f5d70-1
2023-03-10 06:29:13 status half-configured python3-libcamera:arm64 0~git20230302+923f5d70-1
2023-03-10 06:29:14 status installed python3-libcamera:arm64 0~git20230302+923f5d70-1
2023-03-10 06:29:14 configure libcamera-apps-lite:arm64 0~git20230301+54a781d-1 <none>
2023-03-10 06:29:14 status unpacked libcamera-apps-lite:arm64 0~git20230301+54a781d-1
2023-03-10 06:29:14 status half-configured libcamera-apps-lite:arm64 0~git20230301+54a781d-1
2023-03-10 06:29:14 status installed libcamera-apps-lite:arm64 0~git20230301+54a781d-1
2023-03-10 06:29:14 configure python3-picamera2:all 0.3.9-1 <none>
2023-03-10 06:29:14 status unpacked python3-picamera2:all 0.3.9-1
2023-03-10 06:29:14 status half-configured python3-picamera2:all 0.3.9-1
2023-03-10 06:29:15 status installed python3-picamera2:all 0.3.9-1
2023-03-10 06:29:15 trigproc libc-bin:arm64 2.31-13+rpt2+rpi1+deb11u5 <none>
2023-03-10 06:29:15 status half-configured libc-bin:arm64 2.31-13+rpt2+rpi1+deb11u5
2023-03-10 06:29:15 status installed libc-bin:arm64 2.31-13+rpt2+rpi1+deb11u5
2023-03-10 06:29:19 startup packages remove
2023-03-10 06:29:19 status installed dos2unix:arm64 7.4.1-1
2023-03-10 06:29:19 remove dos2unix:arm64 7.4.1-1 <none>
2023-03-10 06:29:19 status half-configured dos2unix:arm64 7.4.1-1
2023-03-10 06:29:19 status half-installed dos2unix:arm64 7.4.1-1
2023-03-10 06:29:19 status config-files dos2unix:arm64 7.4.1-1
2023-03-10 06:29:19 status not-installed dos2unix:arm64 <none>
2023-03-10 06:29:19 status installed fakeroot:arm64 1.25.3-1.1
2023-03-10 06:29:19 remove fakeroot:arm64 1.25.3-1.1 <none>
2023-03-10 06:29:19 status half-configured fakeroot:arm64 1.25.3-1.1
2023-03-10 06:29:19 status half-installed fakeroot:arm64 1.25.3-1.1
2023-03-10 06:29:19 status config-files fakeroot:arm64 1.25.3-1.1
2023-03-10 06:29:20 status not-installed fakeroot:arm64 <none>
2023-03-10 06:29:20 status installed libc-devtools:arm64 2.31-13+rpt2+rpi1+deb11u5
2023-03-10 06:29:20 remove libc-devtools:arm64 2.31-13+rpt2+rpi1+deb11u5 <none>
2023-03-10 06:29:20 status half-configured libc-devtools:arm64 2.31-13+rpt2+rpi1+deb11u5
2023-03-10 06:29:20 status half-installed libc-devtools:arm64 2.31-13+rpt2+rpi1+deb11u5
2023-03-10 06:29:20 status config-files libc-devtools:arm64 2.31-13+rpt2+rpi1+deb11u5
2023-03-10 06:29:20 status not-installed libc-devtools:arm64 <none>
2023-03-10 06:29:20 status installed libgd3:arm64 2.3.0-2
2023-03-10 06:29:20 remove libgd3:arm64 2.3.0-2 <none>
2023-03-10 06:29:20 status triggers-pending libc-bin:arm64 2.31-13+rpt2+rpi1+deb11u5
2023-03-10 06:29:20 status half-configured libgd3:arm64 2.3.0-2
2023-03-10 06:29:20 status half-installed libgd3:arm64 2.3.0-2
2023-03-10 06:29:20 status config-files libgd3:arm64 2.3.0-2
2023-03-10 06:29:20 status not-installed libgd3:arm64 <none>
2023-03-10 06:29:20 status installed libfontconfig1:arm64 2.13.1-4.2
2023-03-10 06:29:20 remove libfontconfig1:arm64 2.13.1-4.2 <none>
2023-03-10 06:29:20 status half-configured libfontconfig1:arm64 2.13.1-4.2
2023-03-10 06:29:20 status half-installed libfontconfig1:arm64 2.13.1-4.2
2023-03-10 06:29:20 status config-files libfontconfig1:arm64 2.13.1-4.2
2023-03-10 06:29:20 status not-installed libfontconfig1:arm64 <none>
2023-03-10 06:29:20 status installed fontconfig-config:all 2.13.1-4.2
2023-03-10 06:29:20 remove fontconfig-config:all 2.13.1-4.2 <none>
2023-03-10 06:29:20 status half-configured fontconfig-config:all 2.13.1-4.2
2023-03-10 06:29:20 status half-installed fontconfig-config:all 2.13.1-4.2
2023-03-10 06:29:20 status config-files fontconfig-config:all 2.13.1-4.2
2023-03-10 06:29:20 status installed fonts-dejavu-core:all 2.37-2
2023-03-10 06:29:20 remove fonts-dejavu-core:all 2.37-2 <none>
2023-03-10 06:29:20 status half-configured fonts-dejavu-core:all 2.37-2
2023-03-10 06:29:20 status half-installed fonts-dejavu-core:all 2.37-2
2023-03-10 06:29:20 status config-files fonts-dejavu-core:all 2.37-2
2023-03-10 06:29:20 status installed libstdc++-10-dev:arm64 10.2.1-6
2023-03-10 06:29:20 remove libstdc++-10-dev:arm64 10.2.1-6 <none>
2023-03-10 06:29:20 status half-configured libstdc++-10-dev:arm64 10.2.1-6
2023-03-10 06:29:20 status half-installed libstdc++-10-dev:arm64 10.2.1-6
2023-03-10 06:29:20 status config-files libstdc++-10-dev:arm64 10.2.1-6
2023-03-10 06:29:20 status not-installed libstdc++-10-dev:arm64 <none>
2023-03-10 06:29:20 status installed libgcc-10-dev:arm64 10.2.1-6
2023-03-10 06:29:20 remove libgcc-10-dev:arm64 10.2.1-6 <none>
2023-03-10 06:29:20 status half-configured libgcc-10-dev:arm64 10.2.1-6
2023-03-10 06:29:20 status half-installed libgcc-10-dev:arm64 10.2.1-6
2023-03-10 06:29:20 status config-files libgcc-10-dev:arm64 10.2.1-6
2023-03-10 06:29:20 status not-installed libgcc-10-dev:arm64 <none>
2023-03-10 06:29:20 status installed libasan6:arm64 10.2.1-6
2023-03-10 06:29:20 remove libasan6:arm64 10.2.1-6 <none>
2023-03-10 06:29:20 status half-configured libasan6:arm64 10.2.1-6
2023-03-10 06:29:20 status half-installed libasan6:arm64 10.2.1-6
2023-03-10 06:29:20 status config-files libasan6:arm64 10.2.1-6
2023-03-10 06:29:20 status not-installed libasan6:arm64 <none>
2023-03-10 06:29:20 status installed libatomic1:arm64 10.2.1-6
2023-03-10 06:29:20 remove libatomic1:arm64 10.2.1-6 <none>
2023-03-10 06:29:20 status half-configured libatomic1:arm64 10.2.1-6
2023-03-10 06:29:20 status half-installed libatomic1:arm64 10.2.1-6
2023-03-10 06:29:20 status config-files libatomic1:arm64 10.2.1-6
2023-03-10 06:29:20 status not-installed libatomic1:arm64 <none>
2023-03-10 06:29:20 status installed libavahi-core7:arm64 0.8-5+deb11u1
2023-03-10 06:29:20 remove libavahi-core7:arm64 0.8-5+deb11u1 <none>
2023-03-10 06:29:20 status half-configured libavahi-core7:arm64 0.8-5+deb11u1
2023-03-10 06:29:20 status half-installed libavahi-core7:arm64 0.8-5+deb11u1
2023-03-10 06:29:20 status config-files libavahi-core7:arm64 0.8-5+deb11u1
2023-03-10 06:29:20 status not-installed libavahi-core7:arm64 <none>
2023-03-10 06:29:20 status installed libavahi-common3:arm64 0.8-5+deb11u1
2023-03-10 06:29:20 remove libavahi-common3:arm64 0.8-5+deb11u1 <none>
2023-03-10 06:29:20 status half-configured libavahi-common3:arm64 0.8-5+deb11u1
2023-03-10 06:29:20 status half-installed libavahi-common3:arm64 0.8-5+deb11u1
2023-03-10 06:29:20 status config-files libavahi-common3:arm64 0.8-5+deb11u1
2023-03-10 06:29:20 status not-installed libavahi-common3:arm64 <none>
2023-03-10 06:29:20 status installed libavahi-common-data:arm64 0.8-5+deb11u1
2023-03-10 06:29:20 remove libavahi-common-data:arm64 0.8-5+deb11u1 <none>
2023-03-10 06:29:20 status half-configured libavahi-common-data:arm64 0.8-5+deb11u1
2023-03-10 06:29:20 status half-installed libavahi-common-data:arm64 0.8-5+deb11u1
2023-03-10 06:29:20 status config-files libavahi-common-data:arm64 0.8-5+deb11u1
2023-03-10 06:29:21 status not-installed libavahi-common-data:arm64 <none>
2023-03-10 06:29:21 status installed libbabeltrace1:arm64 1.5.8-1+b3
2023-03-10 06:29:21 remove libbabeltrace1:arm64 1.5.8-1+b3 <none>
2023-03-10 06:29:21 status half-configured libbabeltrace1:arm64 1.5.8-1+b3
2023-03-10 06:29:21 status half-installed libbabeltrace1:arm64 1.5.8-1+b3
2023-03-10 06:29:21 status config-files libbabeltrace1:arm64 1.5.8-1+b3
2023-03-10 06:29:21 status not-installed libbabeltrace1:arm64 <none>
2023-03-10 06:29:21 status installed libboost-filesystem1.74.0:arm64 1.74.0-9
2023-03-10 06:29:21 remove libboost-filesystem1.74.0:arm64 1.74.0-9 <none>
2023-03-10 06:29:21 status half-configured libboost-filesystem1.74.0:arm64 1.74.0-9
2023-03-10 06:29:21 status half-installed libboost-filesystem1.74.0:arm64 1.74.0-9
2023-03-10 06:29:21 status config-files libboost-filesystem1.74.0:arm64 1.74.0-9
2023-03-10 06:29:21 status not-installed libboost-filesystem1.74.0:arm64 <none>
2023-03-10 06:29:21 status installed libbrotli-dev:arm64 1.0.9-2+b2
2023-03-10 06:29:21 remove libbrotli-dev:arm64 1.0.9-2+b2 <none>
2023-03-10 06:29:21 status half-configured libbrotli-dev:arm64 1.0.9-2+b2
2023-03-10 06:29:21 status half-installed libbrotli-dev:arm64 1.0.9-2+b2
2023-03-10 06:29:21 status config-files libbrotli-dev:arm64 1.0.9-2+b2
2023-03-10 06:29:21 status not-installed libbrotli-dev:arm64 <none>
2023-03-10 06:29:21 status installed libc6-dev:arm64 2.31-13+rpt2+rpi1+deb11u5
2023-03-10 06:29:21 remove libc6-dev:arm64 2.31-13+rpt2+rpi1+deb11u5 <none>
2023-03-10 06:29:21 status half-configured libc6-dev:arm64 2.31-13+rpt2+rpi1+deb11u5
2023-03-10 06:29:21 status half-installed libc6-dev:arm64 2.31-13+rpt2+rpi1+deb11u5
2023-03-10 06:29:21 status config-files libc6-dev:arm64 2.31-13+rpt2+rpi1+deb11u5
2023-03-10 06:29:21 status not-installed libc6-dev:arm64 <none>
2023-03-10 06:29:21 status installed libc-dev-bin:arm64 2.31-13+rpt2+rpi1+deb11u5
2023-03-10 06:29:21 remove libc-dev-bin:arm64 2.31-13+rpt2+rpi1+deb11u5 <none>
2023-03-10 06:29:21 status half-configured libc-dev-bin:arm64 2.31-13+rpt2+rpi1+deb11u5
2023-03-10 06:29:21 status half-installed libc-dev-bin:arm64 2.31-13+rpt2+rpi1+deb11u5
2023-03-10 06:29:21 status config-files libc-dev-bin:arm64 2.31-13+rpt2+rpi1+deb11u5
2023-03-10 06:29:21 status not-installed libc-dev-bin:arm64 <none>
2023-03-10 06:29:21 status installed libc6-dbg:arm64 2.31-13+rpt2+rpi1+deb11u5
2023-03-10 06:29:21 remove libc6-dbg:arm64 2.31-13+rpt2+rpi1+deb11u5 <none>
2023-03-10 06:29:21 status half-configured libc6-dbg:arm64 2.31-13+rpt2+rpi1+deb11u5
2023-03-10 06:29:21 status half-installed libc6-dbg:arm64 2.31-13+rpt2+rpi1+deb11u5
2023-03-10 06:29:21 status config-files libc6-dbg:arm64 2.31-13+rpt2+rpi1+deb11u5
2023-03-10 06:29:21 status not-installed libc6-dbg:arm64 <none>
2023-03-10 06:29:21 status installed libcc1-0:arm64 10.2.1-6
2023-03-10 06:29:21 remove libcc1-0:arm64 10.2.1-6 <none>
2023-03-10 06:29:21 status half-configured libcc1-0:arm64 10.2.1-6
2023-03-10 06:29:21 status half-installed libcc1-0:arm64 10.2.1-6
2023-03-10 06:29:21 status config-files libcc1-0:arm64 10.2.1-6
2023-03-10 06:29:21 status not-installed libcc1-0:arm64 <none>
2023-03-10 06:29:21 status installed libcrypt-dev:arm64 1:4.4.18-4
2023-03-10 06:29:21 remove libcrypt-dev:arm64 1:4.4.18-4 <none>
2023-03-10 06:29:21 status half-configured libcrypt-dev:arm64 1:4.4.18-4
2023-03-10 06:29:21 status half-installed libcrypt-dev:arm64 1:4.4.18-4
2023-03-10 06:29:21 status config-files libcrypt-dev:arm64 1:4.4.18-4
2023-03-10 06:29:21 status not-installed libcrypt-dev:arm64 <none>
2023-03-10 06:29:21 status installed libdaemon0:arm64 0.14-7.1
2023-03-10 06:29:21 remove libdaemon0:arm64 0.14-7.1 <none>
2023-03-10 06:29:21 status half-configured libdaemon0:arm64 0.14-7.1
2023-03-10 06:29:21 status half-installed libdaemon0:arm64 0.14-7.1
2023-03-10 06:29:21 status config-files libdaemon0:arm64 0.14-7.1
2023-03-10 06:29:21 status not-installed libdaemon0:arm64 <none>
2023-03-10 06:29:21 status installed libdebuginfod1:arm64 0.183-1
2023-03-10 06:29:21 remove libdebuginfod1:arm64 0.183-1 <none>
2023-03-10 06:29:21 status half-configured libdebuginfod1:arm64 0.183-1
2023-03-10 06:29:21 status half-installed libdebuginfod1:arm64 0.183-1
2023-03-10 06:29:21 status config-files libdebuginfod1:arm64 0.183-1
2023-03-10 06:29:21 status not-installed libdebuginfod1:arm64 <none>
2023-03-10 06:29:21 status installed libdvdread8:arm64 6.1.1-2
2023-03-10 06:29:21 remove libdvdread8:arm64 6.1.1-2 <none>
2023-03-10 06:29:21 status half-configured libdvdread8:arm64 6.1.1-2
2023-03-10 06:29:21 status half-installed libdvdread8:arm64 6.1.1-2
2023-03-10 06:29:21 status config-files libdvdread8:arm64 6.1.1-2
2023-03-10 06:29:21 status not-installed libdvdread8:arm64 <none>
2023-03-10 06:29:21 status installed libmatroska7:arm64 1.6.2-1
2023-03-10 06:29:21 remove libmatroska7:arm64 1.6.2-1 <none>
2023-03-10 06:29:21 status half-configured libmatroska7:arm64 1.6.2-1
2023-03-10 06:29:21 status half-installed libmatroska7:arm64 1.6.2-1
2023-03-10 06:29:21 status config-files libmatroska7:arm64 1.6.2-1
2023-03-10 06:29:21 status not-installed libmatroska7:arm64 <none>
2023-03-10 06:29:21 status installed libebml5:arm64 1.4.2-1
2023-03-10 06:29:21 remove libebml5:arm64 1.4.2-1 <none>
2023-03-10 06:29:21 status half-configured libebml5:arm64 1.4.2-1
2023-03-10 06:29:21 status half-installed libebml5:arm64 1.4.2-1
2023-03-10 06:29:21 status config-files libebml5:arm64 1.4.2-1
2023-03-10 06:29:21 status not-installed libebml5:arm64 <none>
2023-03-10 06:29:21 status installed libfakeroot:arm64 1.25.3-1.1
2023-03-10 06:29:21 remove libfakeroot:arm64 1.25.3-1.1 <none>
2023-03-10 06:29:21 status half-configured libfakeroot:arm64 1.25.3-1.1
2023-03-10 06:29:22 status half-installed libfakeroot:arm64 1.25.3-1.1
2023-03-10 06:29:22 status config-files libfakeroot:arm64 1.25.3-1.1
2023-03-10 06:29:22 status installed libflac8:arm64 1.3.3-2+deb11u1
2023-03-10 06:29:22 remove libflac8:arm64 1.3.3-2+deb11u1 <none>
2023-03-10 06:29:22 status half-configured libflac8:arm64 1.3.3-2+deb11u1
2023-03-10 06:29:22 status half-installed libflac8:arm64 1.3.3-2+deb11u1
2023-03-10 06:29:22 status config-files libflac8:arm64 1.3.3-2+deb11u1
2023-03-10 06:29:22 status not-installed libflac8:arm64 <none>
2023-03-10 06:29:22 status installed libfstrm0:arm64 0.6.0-1+b1
2023-03-10 06:29:22 remove libfstrm0:arm64 0.6.0-1+b1 <none>
2023-03-10 06:29:22 status half-configured libfstrm0:arm64 0.6.0-1+b1
2023-03-10 06:29:22 status half-installed libfstrm0:arm64 0.6.0-1+b1
2023-03-10 06:29:22 status config-files libfstrm0:arm64 0.6.0-1+b1
2023-03-10 06:29:22 status not-installed libfstrm0:arm64 <none>
2023-03-10 06:29:22 status installed libisl23:arm64 0.23-1
2023-03-10 06:29:22 remove libisl23:arm64 0.23-1 <none>
2023-03-10 06:29:22 status half-configured libisl23:arm64 0.23-1
2023-03-10 06:29:22 status half-installed libisl23:arm64 0.23-1
2023-03-10 06:29:22 status config-files libisl23:arm64 0.23-1
2023-03-10 06:29:22 status not-installed libisl23:arm64 <none>
2023-03-10 06:29:22 status installed libitm1:arm64 10.2.1-6
2023-03-10 06:29:22 remove libitm1:arm64 10.2.1-6 <none>
2023-03-10 06:29:22 status half-configured libitm1:arm64 10.2.1-6
2023-03-10 06:29:22 status half-installed libitm1:arm64 10.2.1-6
2023-03-10 06:29:22 status config-files libitm1:arm64 10.2.1-6
2023-03-10 06:29:22 status not-installed libitm1:arm64 <none>
2023-03-10 06:29:22 status installed liblmdb0:arm64 0.9.24-1
2023-03-10 06:29:22 remove liblmdb0:arm64 0.9.24-1 <none>
2023-03-10 06:29:22 status half-configured liblmdb0:arm64 0.9.24-1
2023-03-10 06:29:22 status half-installed liblmdb0:arm64 0.9.24-1
2023-03-10 06:29:22 status config-files liblmdb0:arm64 0.9.24-1
2023-03-10 06:29:22 status not-installed liblmdb0:arm64 <none>
2023-03-10 06:29:22 status installed liblsan0:arm64 10.2.1-6
2023-03-10 06:29:22 remove liblsan0:arm64 10.2.1-6 <none>
2023-03-10 06:29:22 status half-configured liblsan0:arm64 10.2.1-6
2023-03-10 06:29:22 status half-installed liblsan0:arm64 10.2.1-6
2023-03-10 06:29:22 status config-files liblsan0:arm64 10.2.1-6
2023-03-10 06:29:22 status not-installed liblsan0:arm64 <none>
2023-03-10 06:29:22 status installed libluajit-5.1-2:arm64 2.1.0~beta3+dfsg-5.3
2023-03-10 06:29:22 remove libluajit-5.1-2:arm64 2.1.0~beta3+dfsg-5.3 <none>
2023-03-10 06:29:22 status half-configured libluajit-5.1-2:arm64 2.1.0~beta3+dfsg-5.3
2023-03-10 06:29:22 status half-installed libluajit-5.1-2:arm64 2.1.0~beta3+dfsg-5.3
2023-03-10 06:29:22 status config-files libluajit-5.1-2:arm64 2.1.0~beta3+dfsg-5.3
2023-03-10 06:29:22 status not-installed libluajit-5.1-2:arm64 <none>
2023-03-10 06:29:22 status installed libluajit-5.1-common:all 2.1.0~beta3+dfsg-5.3
2023-03-10 06:29:22 remove libluajit-5.1-common:all 2.1.0~beta3+dfsg-5.3 <none>
2023-03-10 06:29:22 status half-configured libluajit-5.1-common:all 2.1.0~beta3+dfsg-5.3
2023-03-10 06:29:22 status half-installed libluajit-5.1-common:all 2.1.0~beta3+dfsg-5.3
2023-03-10 06:29:22 status config-files libluajit-5.1-common:all 2.1.0~beta3+dfsg-5.3
2023-03-10 06:29:22 status not-installed libluajit-5.1-common:all <none>
2023-03-10 06:29:22 status installed libmaxminddb0:arm64 1.5.2-1
2023-03-10 06:29:22 remove libmaxminddb0:arm64 1.5.2-1 <none>
2023-03-10 06:29:22 status half-configured libmaxminddb0:arm64 1.5.2-1
2023-03-10 06:29:22 status half-installed libmaxminddb0:arm64 1.5.2-1
2023-03-10 06:29:22 status config-files libmaxminddb0:arm64 1.5.2-1
2023-03-10 06:29:22 status not-installed libmaxminddb0:arm64 <none>
2023-03-10 06:29:22 status installed libmpc3:arm64 1.2.0-1
2023-03-10 06:29:22 remove libmpc3:arm64 1.2.0-1 <none>
2023-03-10 06:29:22 status half-configured libmpc3:arm64 1.2.0-1
2023-03-10 06:29:22 status half-installed libmpc3:arm64 1.2.0-1
2023-03-10 06:29:22 status config-files libmpc3:arm64 1.2.0-1
2023-03-10 06:29:22 status not-installed libmpc3:arm64 <none>
2023-03-10 06:29:22 status installed libmpfr6:arm64 4.1.0-3
2023-03-10 06:29:22 remove libmpfr6:arm64 4.1.0-3 <none>
2023-03-10 06:29:22 status half-configured libmpfr6:arm64 4.1.0-3
2023-03-10 06:29:22 status half-installed libmpfr6:arm64 4.1.0-3
2023-03-10 06:29:22 status config-files libmpfr6:arm64 4.1.0-3
2023-03-10 06:29:22 status not-installed libmpfr6:arm64 <none>
2023-03-10 06:29:22 status installed libnsl-dev:arm64 1.3.0-2
2023-03-10 06:29:22 remove libnsl-dev:arm64 1.3.0-2 <none>
2023-03-10 06:29:22 status half-configured libnsl-dev:arm64 1.3.0-2
2023-03-10 06:29:22 status half-installed libnsl-dev:arm64 1.3.0-2
2023-03-10 06:29:22 status config-files libnsl-dev:arm64 1.3.0-2
2023-03-10 06:29:22 status not-installed libnsl-dev:arm64 <none>
2023-03-10 06:29:22 status installed libvorbis0a:arm64 1.3.7-1
2023-03-10 06:29:22 remove libvorbis0a:arm64 1.3.7-1 <none>
2023-03-10 06:29:22 status half-configured libvorbis0a:arm64 1.3.7-1
2023-03-10 06:29:22 status half-installed libvorbis0a:arm64 1.3.7-1
2023-03-10 06:29:22 status config-files libvorbis0a:arm64 1.3.7-1
2023-03-10 06:29:22 status not-installed libvorbis0a:arm64 <none>
2023-03-10 06:29:22 status installed libogg0:arm64 1.3.4-0.1
2023-03-10 06:29:22 remove libogg0:arm64 1.3.4-0.1 <none>
2023-03-10 06:29:22 status half-configured libogg0:arm64 1.3.4-0.1
2023-03-10 06:29:22 status half-installed libogg0:arm64 1.3.4-0.1
2023-03-10 06:29:22 status config-files libogg0:arm64 1.3.4-0.1
2023-03-10 06:29:23 status not-installed libogg0:arm64 <none>
2023-03-10 06:29:23 status installed libpcre2-posix2:arm64 10.36-2+deb11u1
2023-03-10 06:29:23 remove libpcre2-posix2:arm64 10.36-2+deb11u1 <none>
2023-03-10 06:29:23 status half-configured libpcre2-posix2:arm64 10.36-2+deb11u1
2023-03-10 06:29:23 status half-installed libpcre2-posix2:arm64 10.36-2+deb11u1
2023-03-10 06:29:23 status config-files libpcre2-posix2:arm64 10.36-2+deb11u1
2023-03-10 06:29:23 status not-installed libpcre2-posix2:arm64 <none>
2023-03-10 06:29:23 status installed libpipeline1:arm64 1.5.3-1
2023-03-10 06:29:23 remove libpipeline1:arm64 1.5.3-1 <none>
2023-03-10 06:29:23 status half-configured libpipeline1:arm64 1.5.3-1
2023-03-10 06:29:23 status half-installed libpipeline1:arm64 1.5.3-1
2023-03-10 06:29:23 status config-files libpipeline1:arm64 1.5.3-1
2023-03-10 06:29:23 status not-installed libpipeline1:arm64 <none>
2023-03-10 06:29:23 status installed libpng-tools:arm64 1.6.37-3
2023-03-10 06:29:23 remove libpng-tools:arm64 1.6.37-3 <none>
2023-03-10 06:29:23 status half-configured libpng-tools:arm64 1.6.37-3
2023-03-10 06:29:23 status half-installed libpng-tools:arm64 1.6.37-3
2023-03-10 06:29:23 status config-files libpng-tools:arm64 1.6.37-3
2023-03-10 06:29:23 status not-installed libpng-tools:arm64 <none>
2023-03-10 06:29:23 status installed libprotobuf-c1:arm64 1.3.3-1+b2
2023-03-10 06:29:23 remove libprotobuf-c1:arm64 1.3.3-1+b2 <none>
2023-03-10 06:29:23 status half-configured libprotobuf-c1:arm64 1.3.3-1+b2
2023-03-10 06:29:23 status half-installed libprotobuf-c1:arm64 1.3.3-1+b2
2023-03-10 06:29:23 status config-files libprotobuf-c1:arm64 1.3.3-1+b2
2023-03-10 06:29:23 status not-installed libprotobuf-c1:arm64 <none>
2023-03-10 06:29:23 status installed libpugixml1v5:arm64 1.11.4-1
2023-03-10 06:29:23 remove libpugixml1v5:arm64 1.11.4-1 <none>
2023-03-10 06:29:23 status half-configured libpugixml1v5:arm64 1.11.4-1
2023-03-10 06:29:23 status half-installed libpugixml1v5:arm64 1.11.4-1
2023-03-10 06:29:23 status config-files libpugixml1v5:arm64 1.11.4-1
2023-03-10 06:29:23 status not-installed libpugixml1v5:arm64 <none>
2023-03-10 06:29:23 status installed libpython3.9:arm64 3.9.2-1
2023-03-10 06:29:23 remove libpython3.9:arm64 3.9.2-1 <none>
2023-03-10 06:29:23 status half-configured libpython3.9:arm64 3.9.2-1
2023-03-10 06:29:23 status half-installed libpython3.9:arm64 3.9.2-1
2023-03-10 06:29:23 status config-files libpython3.9:arm64 3.9.2-1
2023-03-10 06:29:23 status not-installed libpython3.9:arm64 <none>
2023-03-10 06:29:23 status installed libsource-highlight-common:all 3.1.9-3
2023-03-10 06:29:23 remove libsource-highlight-common:all 3.1.9-3 <none>
2023-03-10 06:29:23 status half-configured libsource-highlight-common:all 3.1.9-3
2023-03-10 06:29:23 status half-installed libsource-highlight-common:all 3.1.9-3
2023-03-10 06:29:23 status config-files libsource-highlight-common:all 3.1.9-3
2023-03-10 06:29:23 status not-installed libsource-highlight-common:all <none>
2023-03-10 06:29:23 status installed libtevent0:arm64 0.10.2-1
2023-03-10 06:29:23 remove libtevent0:arm64 0.10.2-1 <none>
2023-03-10 06:29:23 status half-configured libtevent0:arm64 0.10.2-1
2023-03-10 06:29:23 status half-installed libtevent0:arm64 0.10.2-1
2023-03-10 06:29:23 status config-files libtevent0:arm64 0.10.2-1
2023-03-10 06:29:23 status not-installed libtevent0:arm64 <none>
2023-03-10 06:29:23 status installed libtalloc2:arm64 2.3.1-2+b1
2023-03-10 06:29:23 remove libtalloc2:arm64 2.3.1-2+b1 <none>
2023-03-10 06:29:23 status half-configured libtalloc2:arm64 2.3.1-2+b1
2023-03-10 06:29:23 status half-installed libtalloc2:arm64 2.3.1-2+b1
2023-03-10 06:29:23 status config-files libtalloc2:arm64 2.3.1-2+b1
2023-03-10 06:29:23 status not-installed libtalloc2:arm64 <none>
2023-03-10 06:29:23 status installed libtirpc-dev:arm64 1.3.1-1+deb11u1
2023-03-10 06:29:23 remove libtirpc-dev:arm64 1.3.1-1+deb11u1 <none>
2023-03-10 06:29:23 status half-configured libtirpc-dev:arm64 1.3.1-1+deb11u1
2023-03-10 06:29:23 status half-installed libtirpc-dev:arm64 1.3.1-1+deb11u1
2023-03-10 06:29:23 status config-files libtirpc-dev:arm64 1.3.1-1+deb11u1
2023-03-10 06:29:23 status not-installed libtirpc-dev:arm64 <none>
2023-03-10 06:29:23 status installed libtsan0:arm64 10.2.1-6
2023-03-10 06:29:23 remove libtsan0:arm64 10.2.1-6 <none>
2023-03-10 06:29:23 status half-configured libtsan0:arm64 10.2.1-6
2023-03-10 06:29:23 status half-installed libtsan0:arm64 10.2.1-6
2023-03-10 06:29:23 status config-files libtsan0:arm64 10.2.1-6
2023-03-10 06:29:23 status not-installed libtsan0:arm64 <none>
2023-03-10 06:29:23 status installed libubsan1:arm64 10.2.1-6
2023-03-10 06:29:23 remove libubsan1:arm64 10.2.1-6 <none>
2023-03-10 06:29:23 status half-configured libubsan1:arm64 10.2.1-6
2023-03-10 06:29:23 status half-installed libubsan1:arm64 10.2.1-6
2023-03-10 06:29:23 status config-files libubsan1:arm64 10.2.1-6
2023-03-10 06:29:23 status not-installed libubsan1:arm64 <none>
2023-03-10 06:29:23 status installed libuchardet0:arm64 0.0.7-1
2023-03-10 06:29:23 remove libuchardet0:arm64 0.0.7-1 <none>
2023-03-10 06:29:23 status half-configured libuchardet0:arm64 0.0.7-1
2023-03-10 06:29:23 status half-installed libuchardet0:arm64 0.0.7-1
2023-03-10 06:29:23 status config-files libuchardet0:arm64 0.0.7-1
2023-03-10 06:29:23 status not-installed libuchardet0:arm64 <none>
2023-03-10 06:29:23 status installed libuv1:arm64 1.40.0-2
2023-03-10 06:29:23 remove libuv1:arm64 1.40.0-2 <none>
2023-03-10 06:29:23 status half-configured libuv1:arm64 1.40.0-2
2023-03-10 06:29:23 status half-installed libuv1:arm64 1.40.0-2
2023-03-10 06:29:24 status config-files libuv1:arm64 1.40.0-2
2023-03-10 06:29:24 status not-installed libuv1:arm64 <none>
2023-03-10 06:29:24 status installed libv4l-0:arm64 1.20.0-2
2023-03-10 06:29:24 remove libv4l-0:arm64 1.20.0-2 <none>
2023-03-10 06:29:24 status half-configured libv4l-0:arm64 1.20.0-2
2023-03-10 06:29:24 status half-installed libv4l-0:arm64 1.20.0-2
2023-03-10 06:29:24 status config-files libv4l-0:arm64 1.20.0-2
2023-03-10 06:29:24 status not-installed libv4l-0:arm64 <none>
2023-03-10 06:29:24 status installed libv4l2rds0:arm64 1.20.0-2
2023-03-10 06:29:24 remove libv4l2rds0:arm64 1.20.0-2 <none>
2023-03-10 06:29:24 status half-configured libv4l2rds0:arm64 1.20.0-2
2023-03-10 06:29:24 status half-installed libv4l2rds0:arm64 1.20.0-2
2023-03-10 06:29:24 status config-files libv4l2rds0:arm64 1.20.0-2
2023-03-10 06:29:24 status not-installed libv4l2rds0:arm64 <none>
2023-03-10 06:29:24 status installed libv4lconvert0:arm64 1.20.0-2
2023-03-10 06:29:24 remove libv4lconvert0:arm64 1.20.0-2 <none>
2023-03-10 06:29:24 status half-configured libv4lconvert0:arm64 1.20.0-2
2023-03-10 06:29:24 status half-installed libv4lconvert0:arm64 1.20.0-2
2023-03-10 06:29:24 status config-files libv4lconvert0:arm64 1.20.0-2
2023-03-10 06:29:24 status not-installed libv4lconvert0:arm64 <none>
2023-03-10 06:29:24 status installed libxpm4:arm64 1:3.5.12-1
2023-03-10 06:29:24 remove libxpm4:arm64 1:3.5.12-1 <none>
2023-03-10 06:29:24 status half-configured libxpm4:arm64 1:3.5.12-1
2023-03-10 06:29:24 status half-installed libxpm4:arm64 1:3.5.12-1
2023-03-10 06:29:24 status config-files libxpm4:arm64 1:3.5.12-1
2023-03-10 06:29:24 status not-installed libxpm4:arm64 <none>
2023-03-10 06:29:24 status installed linux-libc-dev:arm64 1:1.20230306-1
2023-03-10 06:29:24 remove linux-libc-dev:arm64 1:1.20230306-1 <none>
2023-03-10 06:29:24 status half-configured linux-libc-dev:arm64 1:1.20230306-1
2023-03-10 06:29:24 status half-installed linux-libc-dev:arm64 1:1.20230306-1
2023-03-10 06:29:24 status config-files linux-libc-dev:arm64 1:1.20230306-1
2023-03-10 06:29:24 status not-installed linux-libc-dev:arm64 <none>
2023-03-10 06:29:24 status installed patch:arm64 2.7.6-7
2023-03-10 06:29:24 remove patch:arm64 2.7.6-7 <none>
2023-03-10 06:29:24 status half-configured patch:arm64 2.7.6-7
2023-03-10 06:29:24 status half-installed patch:arm64 2.7.6-7
2023-03-10 06:29:24 status config-files patch:arm64 2.7.6-7
2023-03-10 06:29:24 status not-installed patch:arm64 <none>
2023-03-10 06:29:24 startup packages configure
2023-03-10 06:29:24 trigproc libc-bin:arm64 2.31-13+rpt2+rpi1+deb11u5 <none>
2023-03-10 06:29:24 status half-configured libc-bin:arm64 2.31-13+rpt2+rpi1+deb11u5
2023-03-10 06:29:24 status installed libc-bin:arm64 2.31-13+rpt2+rpi1+deb11u5
2023-03-10 06:30:33 startup archives unpack
2023-03-10 06:30:33 install acl:arm64 <none> 2.2.53-10
2023-03-10 06:30:33 status half-installed acl:arm64 2.2.53-10
2023-03-10 06:30:33 status unpacked acl:arm64 2.2.53-10
2023-03-10 06:30:33 startup packages configure
2023-03-10 06:30:33 configure acl:arm64 2.2.53-10 <none>
2023-03-10 06:30:33 status unpacked acl:arm64 2.2.53-10
2023-03-10 06:30:33 status half-configured acl:arm64 2.2.53-10
2023-03-10 06:30:33 status installed acl:arm64 2.2.53-10
2023-03-10 06:30:55 startup archives unpack
2023-03-10 06:30:55 install apt-transport-https:all <none> 2.2.4
2023-03-10 06:30:55 status half-installed apt-transport-https:all 2.2.4
2023-03-10 06:30:55 status unpacked apt-transport-https:all 2.2.4
2023-03-10 06:30:55 startup packages configure
2023-03-10 06:30:55 configure apt-transport-https:all 2.2.4 <none>
2023-03-10 06:30:55 status unpacked apt-transport-https:all 2.2.4
2023-03-10 06:30:55 status half-configured apt-transport-https:all 2.2.4
2023-03-10 06:30:55 status installed apt-transport-https:all 2.2.4
2023-03-10 06:31:20 startup archives unpack
2023-03-10 06:31:20 install less:arm64 <none> 551-2
2023-03-10 06:31:20 status half-installed less:arm64 551-2
2023-03-10 06:31:20 status triggers-pending mailcap:all 3.69
2023-03-10 06:31:20 status unpacked less:arm64 551-2
2023-03-10 06:31:20 install apparmor:arm64 <none> 2.13.6-10
2023-03-10 06:31:20 status half-installed apparmor:arm64 2.13.6-10
2023-03-10 06:31:21 status unpacked apparmor:arm64 2.13.6-10
2023-03-10 06:31:21 install containerd.io:arm64 <none> 1.6.18-1
2023-03-10 06:31:21 status half-installed containerd.io:arm64 1.6.18-1
2023-03-10 06:31:23 status unpacked containerd.io:arm64 1.6.18-1
2023-03-10 06:31:23 install dbus-user-session:arm64 <none> 1.12.24-0+deb11u1
2023-03-10 06:31:23 status half-installed dbus-user-session:arm64 1.12.24-0+deb11u1
2023-03-10 06:31:23 status unpacked dbus-user-session:arm64 1.12.24-0+deb11u1
2023-03-10 06:31:23 install docker-buildx-plugin:arm64 <none> 0.10.2-1~debian.11~bullseye
2023-03-10 06:31:23 status half-installed docker-buildx-plugin:arm64 0.10.2-1~debian.11~bullseye
2023-03-10 06:31:24 status unpacked docker-buildx-plugin:arm64 0.10.2-1~debian.11~bullseye
2023-03-10 06:31:24 install docker-ce-cli:arm64 <none> 5:23.0.1-1~debian.11~bullseye
2023-03-10 06:31:24 status half-installed docker-ce-cli:arm64 5:23.0.1-1~debian.11~bullseye
2023-03-10 06:31:25 status unpacked docker-ce-cli:arm64 5:23.0.1-1~debian.11~bullseye
2023-03-10 06:31:25 install docker-ce:arm64 <none> 5:23.0.1-1~debian.11~bullseye
2023-03-10 06:31:25 status half-installed docker-ce:arm64 5:23.0.1-1~debian.11~bullseye
2023-03-10 06:31:27 status unpacked docker-ce:arm64 5:23.0.1-1~debian.11~bullseye
2023-03-10 06:31:27 install docker-ce-rootless-extras:arm64 <none> 5:23.0.1-1~debian.11~bullseye
2023-03-10 06:31:27 status half-installed docker-ce-rootless-extras:arm64 5:23.0.1-1~debian.11~bullseye
2023-03-10 06:31:27 status unpacked docker-ce-rootless-extras:arm64 5:23.0.1-1~debian.11~bullseye
2023-03-10 06:31:27 install docker-compose-plugin:arm64 <none> 2.16.0-1~debian.11~bullseye
2023-03-10 06:31:27 status half-installed docker-compose-plugin:arm64 2.16.0-1~debian.11~bullseye
2023-03-10 06:31:28 status unpacked docker-compose-plugin:arm64 2.16.0-1~debian.11~bullseye
2023-03-10 06:31:28 install liberror-perl:all <none> 0.17029-1
2023-03-10 06:31:28 status half-installed liberror-perl:all 0.17029-1
2023-03-10 06:31:28 status unpacked liberror-perl:all 0.17029-1
2023-03-10 06:31:28 install git-man:all <none> 1:2.30.2-1+deb11u2
2023-03-10 06:31:28 status half-installed git-man:all 1:2.30.2-1+deb11u2
2023-03-10 06:31:28 status unpacked git-man:all 1:2.30.2-1+deb11u2
2023-03-10 06:31:29 install git:arm64 <none> 1:2.30.2-1+deb11u2
2023-03-10 06:31:29 status half-installed git:arm64 1:2.30.2-1+deb11u2
2023-03-10 06:31:30 status unpacked git:arm64 1:2.30.2-1+deb11u2
2023-03-10 06:31:30 install libltdl7:arm64 <none> 2.4.6-15
2023-03-10 06:31:30 status triggers-pending libc-bin:arm64 2.31-13+rpt2+rpi1+deb11u5
2023-03-10 06:31:30 status half-installed libltdl7:arm64 2.4.6-15
2023-03-10 06:31:30 status unpacked libltdl7:arm64 2.4.6-15
2023-03-10 06:31:30 install libslirp0:arm64 <none> 4.4.0-1+deb11u2
2023-03-10 06:31:30 status half-installed libslirp0:arm64 4.4.0-1+deb11u2
2023-03-10 06:31:30 status unpacked libslirp0:arm64 4.4.0-1+deb11u2
2023-03-10 06:31:30 install patch:arm64 <none> 2.7.6-7
2023-03-10 06:31:30 status half-installed patch:arm64 2.7.6-7
2023-03-10 06:31:30 status unpacked patch:arm64 2.7.6-7
2023-03-10 06:31:30 install slirp4netns:arm64 <none> 1.0.1-2
2023-03-10 06:31:30 status half-installed slirp4netns:arm64 1.0.1-2
2023-03-10 06:31:30 status unpacked slirp4netns:arm64 1.0.1-2
2023-03-10 06:31:31 startup packages configure
2023-03-10 06:31:31 configure less:arm64 551-2 <none>
2023-03-10 06:31:31 status unpacked less:arm64 551-2
2023-03-10 06:31:31 status half-configured less:arm64 551-2
2023-03-10 06:31:31 status installed less:arm64 551-2
2023-03-10 06:31:31 configure liberror-perl:all 0.17029-1 <none>
2023-03-10 06:31:31 status unpacked liberror-perl:all 0.17029-1
2023-03-10 06:31:31 status half-configured liberror-perl:all 0.17029-1
2023-03-10 06:31:31 status installed liberror-perl:all 0.17029-1
2023-03-10 06:31:31 configure apparmor:arm64 2.13.6-10 <none>
2023-03-10 06:31:31 status unpacked apparmor:arm64 2.13.6-10
2023-03-10 06:31:33 status half-configured apparmor:arm64 2.13.6-10
2023-03-10 06:31:33 status installed apparmor:arm64 2.13.6-10
2023-03-10 06:31:33 configure dbus-user-session:arm64 1.12.24-0+deb11u1 <none>
2023-03-10 06:31:33 status unpacked dbus-user-session:arm64 1.12.24-0+deb11u1
2023-03-10 06:31:33 status half-configured dbus-user-session:arm64 1.12.24-0+deb11u1
2023-03-10 06:31:33 status installed dbus-user-session:arm64 1.12.24-0+deb11u1
2023-03-10 06:31:33 configure docker-buildx-plugin:arm64 0.10.2-1~debian.11~bullseye <none>
2023-03-10 06:31:33 status unpacked docker-buildx-plugin:arm64 0.10.2-1~debian.11~bullseye
2023-03-10 06:31:34 status half-configured docker-buildx-plugin:arm64 0.10.2-1~debian.11~bullseye
2023-03-10 06:31:34 status installed docker-buildx-plugin:arm64 0.10.2-1~debian.11~bullseye
2023-03-10 06:31:34 configure containerd.io:arm64 1.6.18-1 <none>
2023-03-10 06:31:34 status unpacked containerd.io:arm64 1.6.18-1
2023-03-10 06:31:34 status half-configured containerd.io:arm64 1.6.18-1
2023-03-10 06:31:34 status installed containerd.io:arm64 1.6.18-1
2023-03-10 06:31:34 configure patch:arm64 2.7.6-7 <none>
2023-03-10 06:31:34 status unpacked patch:arm64 2.7.6-7
2023-03-10 06:31:34 status half-configured patch:arm64 2.7.6-7
2023-03-10 06:31:34 status installed patch:arm64 2.7.6-7
2023-03-10 06:31:34 configure docker-compose-plugin:arm64 2.16.0-1~debian.11~bullseye <none>
2023-03-10 06:31:34 status unpacked docker-compose-plugin:arm64 2.16.0-1~debian.11~bullseye
2023-03-10 06:31:34 status half-configured docker-compose-plugin:arm64 2.16.0-1~debian.11~bullseye
2023-03-10 06:31:34 status installed docker-compose-plugin:arm64 2.16.0-1~debian.11~bullseye
2023-03-10 06:31:34 configure libltdl7:arm64 2.4.6-15 <none>
2023-03-10 06:31:34 status unpacked libltdl7:arm64 2.4.6-15
2023-03-10 06:31:34 status half-configured libltdl7:arm64 2.4.6-15
2023-03-10 06:31:34 status installed libltdl7:arm64 2.4.6-15
2023-03-10 06:31:34 configure docker-ce-cli:arm64 5:23.0.1-1~debian.11~bullseye <none>
2023-03-10 06:31:34 status unpacked docker-ce-cli:arm64 5:23.0.1-1~debian.11~bullseye
2023-03-10 06:31:34 status half-configured docker-ce-cli:arm64 5:23.0.1-1~debian.11~bullseye
2023-03-10 06:31:34 status installed docker-ce-cli:arm64 5:23.0.1-1~debian.11~bullseye
2023-03-10 06:31:34 configure libslirp0:arm64 4.4.0-1+deb11u2 <none>
2023-03-10 06:31:34 status unpacked libslirp0:arm64 4.4.0-1+deb11u2
2023-03-10 06:31:34 status half-configured libslirp0:arm64 4.4.0-1+deb11u2
2023-03-10 06:31:34 status installed libslirp0:arm64 4.4.0-1+deb11u2
2023-03-10 06:31:34 configure git-man:all 1:2.30.2-1+deb11u2 <none>
2023-03-10 06:31:34 status unpacked git-man:all 1:2.30.2-1+deb11u2
2023-03-10 06:31:34 status half-configured git-man:all 1:2.30.2-1+deb11u2
2023-03-10 06:31:34 status installed git-man:all 1:2.30.2-1+deb11u2
2023-03-10 06:31:34 configure docker-ce-rootless-extras:arm64 5:23.0.1-1~debian.11~bullseye <none>
2023-03-10 06:31:34 status unpacked docker-ce-rootless-extras:arm64 5:23.0.1-1~debian.11~bullseye
2023-03-10 06:31:34 status half-configured docker-ce-rootless-extras:arm64 5:23.0.1-1~debian.11~bullseye
2023-03-10 06:31:34 status installed docker-ce-rootless-extras:arm64 5:23.0.1-1~debian.11~bullseye
2023-03-10 06:31:34 configure slirp4netns:arm64 1.0.1-2 <none>
2023-03-10 06:31:34 status unpacked slirp4netns:arm64 1.0.1-2
2023-03-10 06:31:34 status half-configured slirp4netns:arm64 1.0.1-2
2023-03-10 06:31:34 status installed slirp4netns:arm64 1.0.1-2
2023-03-10 06:31:34 configure docker-ce:arm64 5:23.0.1-1~debian.11~bullseye <none>
2023-03-10 06:31:34 status unpacked docker-ce:arm64 5:23.0.1-1~debian.11~bullseye
2023-03-10 06:31:34 status half-configured docker-ce:arm64 5:23.0.1-1~debian.11~bullseye
2023-03-10 06:31:35 status installed docker-ce:arm64 5:23.0.1-1~debian.11~bullseye
2023-03-10 06:31:35 configure git:arm64 1:2.30.2-1+deb11u2 <none>
2023-03-10 06:31:35 status unpacked git:arm64 1:2.30.2-1+deb11u2
2023-03-10 06:31:35 status half-configured git:arm64 1:2.30.2-1+deb11u2
2023-03-10 06:31:35 status installed git:arm64 1:2.30.2-1+deb11u2
2023-03-10 06:31:35 trigproc libc-bin:arm64 2.31-13+rpt2+rpi1+deb11u5 <none>
2023-03-10 06:31:35 status half-configured libc-bin:arm64 2.31-13+rpt2+rpi1+deb11u5
2023-03-10 06:31:35 status installed libc-bin:arm64 2.31-13+rpt2+rpi1+deb11u5
2023-03-10 06:31:35 trigproc mailcap:all 3.69 <none>
2023-03-10 06:31:35 status half-configured mailcap:all 3.69
2023-03-10 06:31:35 status installed mailcap:all 3.69
2023-03-10 06:31:50 startup archives unpack
2023-03-10 06:31:50 install traceroute:arm64 <none> 1:2.1.0-2
2023-03-10 06:31:50 status half-installed traceroute:arm64 1:2.1.0-2
2023-03-10 06:31:50 status unpacked traceroute:arm64 1:2.1.0-2
2023-03-10 06:31:50 install libonig5:arm64 <none> 6.9.6-1.1
2023-03-10 06:31:50 status triggers-pending libc-bin:arm64 2.31-13+rpt2+rpi1+deb11u5
2023-03-10 06:31:50 status half-installed libonig5:arm64 6.9.6-1.1
2023-03-10 06:31:51 status unpacked libonig5:arm64 6.9.6-1.1
2023-03-10 06:31:51 install libjq1:arm64 <none> 1.6-2.1
2023-03-10 06:31:51 status half-installed libjq1:arm64 1.6-2.1
2023-03-10 06:31:51 status unpacked libjq1:arm64 1.6-2.1
2023-03-10 06:31:51 install jq:arm64 <none> 1.6-2.1
2023-03-10 06:31:51 status half-installed jq:arm64 1.6-2.1
2023-03-10 06:31:51 status unpacked jq:arm64 1.6-2.1
2023-03-10 06:31:51 install lshw:arm64 <none> 02.18.85-0.7
2023-03-10 06:31:51 status half-installed lshw:arm64 02.18.85-0.7
2023-03-10 06:31:51 status unpacked lshw:arm64 02.18.85-0.7
2023-03-10 06:31:51 install netcat-openbsd:arm64 <none> 1.217-3
2023-03-10 06:31:51 status half-installed netcat-openbsd:arm64 1.217-3
2023-03-10 06:31:51 status unpacked netcat-openbsd:arm64 1.217-3
2023-03-10 06:31:51 install sqlite3:arm64 <none> 3.34.1-3
2023-03-10 06:31:51 status half-installed sqlite3:arm64 3.34.1-3
2023-03-10 06:31:51 status unpacked sqlite3:arm64 3.34.1-3
2023-03-10 06:31:51 install tcpdump:arm64 <none> 4.99.0-2+deb11u1
2023-03-10 06:31:51 status half-installed tcpdump:arm64 4.99.0-2+deb11u1
2023-03-10 06:31:51 status unpacked tcpdump:arm64 4.99.0-2+deb11u1
2023-03-10 06:31:51 install usb.ids:all <none> 2022.05.20-0+deb11u1
2023-03-10 06:31:51 status half-installed usb.ids:all 2022.05.20-0+deb11u1
2023-03-10 06:31:51 status unpacked usb.ids:all 2022.05.20-0+deb11u1
2023-03-10 06:31:52 install wavemon:arm64 <none> 0.9.1-1
2023-03-10 06:31:52 status half-installed wavemon:arm64 0.9.1-1
2023-03-10 06:31:52 status unpacked wavemon:arm64 0.9.1-1
2023-03-10 06:31:52 startup packages configure
2023-03-10 06:31:52 configure tcpdump:arm64 4.99.0-2+deb11u1 <none>
2023-03-10 06:31:52 status unpacked tcpdump:arm64 4.99.0-2+deb11u1
2023-03-10 06:31:52 status half-configured tcpdump:arm64 4.99.0-2+deb11u1
2023-03-10 06:31:52 status installed tcpdump:arm64 4.99.0-2+deb11u1
2023-03-10 06:31:52 configure wavemon:arm64 0.9.1-1 <none>
2023-03-10 06:31:52 status unpacked wavemon:arm64 0.9.1-1
2023-03-10 06:31:52 status half-configured wavemon:arm64 0.9.1-1
2023-03-10 06:31:52 status installed wavemon:arm64 0.9.1-1
2023-03-10 06:31:52 configure traceroute:arm64 1:2.1.0-2 <none>
2023-03-10 06:31:52 status unpacked traceroute:arm64 1:2.1.0-2
2023-03-10 06:31:52 status half-configured traceroute:arm64 1:2.1.0-2
2023-03-10 06:31:52 status installed traceroute:arm64 1:2.1.0-2
2023-03-10 06:31:52 configure netcat-openbsd:arm64 1.217-3 <none>
2023-03-10 06:31:52 status unpacked netcat-openbsd:arm64 1.217-3
2023-03-10 06:31:52 status half-configured netcat-openbsd:arm64 1.217-3
2023-03-10 06:31:52 status installed netcat-openbsd:arm64 1.217-3
2023-03-10 06:31:52 configure lshw:arm64 02.18.85-0.7 <none>
2023-03-10 06:31:52 status unpacked lshw:arm64 02.18.85-0.7
2023-03-10 06:31:52 status half-configured lshw:arm64 02.18.85-0.7
2023-03-10 06:31:52 status installed lshw:arm64 02.18.85-0.7
2023-03-10 06:31:52 configure usb.ids:all 2022.05.20-0+deb11u1 <none>
2023-03-10 06:31:52 status unpacked usb.ids:all 2022.05.20-0+deb11u1
2023-03-10 06:31:52 status half-configured usb.ids:all 2022.05.20-0+deb11u1
2023-03-10 06:31:52 status installed usb.ids:all 2022.05.20-0+deb11u1
2023-03-10 06:31:52 configure libonig5:arm64 6.9.6-1.1 <none>
2023-03-10 06:31:52 status unpacked libonig5:arm64 6.9.6-1.1
2023-03-10 06:31:52 status half-configured libonig5:arm64 6.9.6-1.1
2023-03-10 06:31:52 status installed libonig5:arm64 6.9.6-1.1
2023-03-10 06:31:52 configure sqlite3:arm64 3.34.1-3 <none>
2023-03-10 06:31:52 status unpacked sqlite3:arm64 3.34.1-3
2023-03-10 06:31:52 status half-configured sqlite3:arm64 3.34.1-3
2023-03-10 06:31:52 status installed sqlite3:arm64 3.34.1-3
2023-03-10 06:31:52 configure libjq1:arm64 1.6-2.1 <none>
2023-03-10 06:31:52 status unpacked libjq1:arm64 1.6-2.1
2023-03-10 06:31:52 status half-configured libjq1:arm64 1.6-2.1
2023-03-10 06:31:52 status installed libjq1:arm64 1.6-2.1
2023-03-10 06:31:52 configure jq:arm64 1.6-2.1 <none>
2023-03-10 06:31:52 status unpacked jq:arm64 1.6-2.1
2023-03-10 06:31:52 status half-configured jq:arm64 1.6-2.1
2023-03-10 06:31:52 status installed jq:arm64 1.6-2.1
2023-03-10 06:31:52 trigproc libc-bin:arm64 2.31-13+rpt2+rpi1+deb11u5 <none>
2023-03-10 06:31:52 status half-configured libc-bin:arm64 2.31-13+rpt2+rpi1+deb11u5
2023-03-10 06:31:52 status installed libc-bin:arm64 2.31-13+rpt2+rpi1+deb11u5
2023-03-10 06:31:57 startup packages remove
2023-03-10 06:31:57 status installed docker-ce-rootless-extras:arm64 5:23.0.1-1~debian.11~bullseye
2023-03-10 06:31:57 remove docker-ce-rootless-extras:arm64 5:23.0.1-1~debian.11~bullseye <none>
2023-03-10 06:31:57 status half-configured docker-ce-rootless-extras:arm64 5:23.0.1-1~debian.11~bullseye
2023-03-10 06:31:57 status half-installed docker-ce-rootless-extras:arm64 5:23.0.1-1~debian.11~bullseye
2023-03-10 06:31:57 status config-files docker-ce-rootless-extras:arm64 5:23.0.1-1~debian.11~bullseye
2023-03-10 06:31:57 status not-installed docker-ce-rootless-extras:arm64 <none>
2023-03-10 06:31:57 status installed docker-compose-plugin:arm64 2.16.0-1~debian.11~bullseye
2023-03-10 06:31:57 remove docker-compose-plugin:arm64 2.16.0-1~debian.11~bullseye <none>
2023-03-10 06:31:57 status half-configured docker-compose-plugin:arm64 2.16.0-1~debian.11~bullseye
2023-03-10 06:31:57 status half-installed docker-compose-plugin:arm64 2.16.0-1~debian.11~bullseye
2023-03-10 06:31:57 status config-files docker-compose-plugin:arm64 2.16.0-1~debian.11~bullseye
2023-03-10 06:31:57 status not-installed docker-compose-plugin:arm64 <none>
2023-03-10 06:31:57 status installed git:arm64 1:2.30.2-1+deb11u2
2023-03-10 06:31:57 remove git:arm64 1:2.30.2-1+deb11u2 <none>
2023-03-10 06:31:57 status half-configured git:arm64 1:2.30.2-1+deb11u2
2023-03-10 06:31:57 status half-installed git:arm64 1:2.30.2-1+deb11u2
2023-03-10 06:31:57 status config-files git:arm64 1:2.30.2-1+deb11u2
2023-03-10 06:31:57 startup packages configure
2023-03-10 06:31:58 startup packages purge
2023-03-10 06:31:58 purge git:arm64 1:2.30.2-1+deb11u2 <none>
2023-03-10 06:31:58 status config-files git:arm64 1:2.30.2-1+deb11u2
2023-03-10 06:31:58 status not-installed git:arm64 <none>
2023-03-10 06:31:58 startup packages configure
2023-03-10 06:32:03 startup packages remove
2023-03-10 06:32:03 status installed git-man:all 1:2.30.2-1+deb11u2
2023-03-10 06:32:03 remove git-man:all 1:2.30.2-1+deb11u2 <none>
2023-03-10 06:32:03 status half-configured git-man:all 1:2.30.2-1+deb11u2
2023-03-10 06:32:03 status half-installed git-man:all 1:2.30.2-1+deb11u2
2023-03-10 06:32:04 status config-files git-man:all 1:2.30.2-1+deb11u2
2023-03-10 06:32:04 status not-installed git-man:all <none>
2023-03-10 06:32:04 status installed liberror-perl:all 0.17029-1
2023-03-10 06:32:04 remove liberror-perl:all 0.17029-1 <none>
2023-03-10 06:32:04 status half-configured liberror-perl:all 0.17029-1
2023-03-10 06:32:04 status half-installed liberror-perl:all 0.17029-1
2023-03-10 06:32:04 status config-files liberror-perl:all 0.17029-1
2023-03-10 06:32:04 status not-installed liberror-perl:all <none>
2023-03-10 06:32:04 status installed slirp4netns:arm64 1.0.1-2
2023-03-10 06:32:04 remove slirp4netns:arm64 1.0.1-2 <none>
2023-03-10 06:32:04 status half-configured slirp4netns:arm64 1.0.1-2
2023-03-10 06:32:04 status half-installed slirp4netns:arm64 1.0.1-2
2023-03-10 06:32:04 status config-files slirp4netns:arm64 1.0.1-2
2023-03-10 06:32:04 status not-installed slirp4netns:arm64 <none>
2023-03-10 06:32:04 status installed libslirp0:arm64 4.4.0-1+deb11u2
2023-03-10 06:32:04 remove libslirp0:arm64 4.4.0-1+deb11u2 <none>
2023-03-10 06:32:04 status triggers-pending libc-bin:arm64 2.31-13+rpt2+rpi1+deb11u5
2023-03-10 06:32:04 status half-configured libslirp0:arm64 4.4.0-1+deb11u2
2023-03-10 06:32:04 status half-installed libslirp0:arm64 4.4.0-1+deb11u2
2023-03-10 06:32:04 status config-files libslirp0:arm64 4.4.0-1+deb11u2
2023-03-10 06:32:04 status not-installed libslirp0:arm64 <none>
2023-03-10 06:32:04 startup packages configure
2023-03-10 06:32:04 trigproc libc-bin:arm64 2.31-13+rpt2+rpi1+deb11u5 <none>
2023-03-10 06:32:04 status half-configured libc-bin:arm64 2.31-13+rpt2+rpi1+deb11u5
2023-03-10 06:32:06 status installed libc-bin:arm64 2.31-13+rpt2+rpi1+deb11u5
